11:47:52 (2912) DEBUG ConfigReader Loading config from stryker.config.json
11:47:52 (2912) DEBUG ConfigReader Loaded config: {
  "$schema": "./node_modules/@stryker-mutator/core/schema/stryker-schema.json",
  "_comment": "This config was generated using 'stryker init'. Please see the guide for more information: https://stryker-mutator.io/docs/stryker-js/guides/angular",
  "mutate": [
    "src/**/*.ts",
    "!src/**/*.spec.ts",
    "!src/test.ts",
    "!src/environments/*.ts"
  ],
  "testRunner": "karma",
  "karma": {
    "configFile": "karma.conf.js",
    "projectType": "angular-cli",
    "config": {
      "browsers": [
        "ChromeHeadless"
      ]
    }
  },
  "reporters": [
    "progress",
    "clear-text",
    "html"
  ],
  "concurrency": 10,
  "concurrency_comment": "Recommended to use about half of your available cores when running stryker with angular",
  "coverageAnalysis": "perTest",
  "fileLogLevel": "trace",
  "allowConsoleColors": true,
  "checkers": [],
  "checkerNodeArgs": [],
  "commandRunner": {
    "command": "npm test"
  },
  "clearTextReporter": {
    "allowColor": true,
    "allowEmojis": false,
    "logTests": true,
    "maxTestsToLog": 3,
    "reportTests": true,
    "reportMutants": true,
    "reportScoreTable": true
  },
  "dashboard": {
    "baseUrl": "https://dashboard.stryker-mutator.io/api/reports",
    "reportType": "full"
  },
  "dryRunOnly": false,
  "eventReporter": {
    "baseDir": "reports/mutation/events"
  },
  "ignorePatterns": [],
  "ignoreStatic": false,
  "incremental": false,
  "incrementalFile": "reports/stryker-incremental.json",
  "force": false,
  "inPlace": false,
  "logLevel": "info",
  "maxConcurrentTestRunners": 9007199254740991,
  "maxTestRunnerReuse": 0,
  "mutator": {
    "plugins": null,
    "excludedMutations": []
  },
  "plugins": [
    "@stryker-mutator/*"
  ],
  "appendPlugins": [],
  "htmlReporter": {
    "fileName": "reports/mutation/mutation.html"
  },
  "jsonReporter": {
    "fileName": "reports/mutation/mutation.json"
  },
  "disableTypeChecks": true,
  "symlinkNodeModules": true,
  "tempDirName": ".stryker-tmp",
  "cleanTempDir": true,
  "testRunnerNodeArgs": [],
  "thresholds": {
    "high": 80,
    "low": 60,
    "break": null
  },
  "timeoutFactor": 1.5,
  "timeoutMS": 5000,
  "dryRunTimeoutMinutes": 5,
  "tsconfigFile": "tsconfig.json",
  "warnings": true,
  "disableBail": false,
  "allowEmpty": false,
  "ignorers": []
}
11:47:52 (2912) DEBUG PluginLoader Loading @stryker-mutator/* from C:\Users\rubenb\OneDrive - Info Support B.V\Desktop\Cursusmateriaal\Angular\date-picker\node_modules\@stryker-mutator
11:47:52 (2912) DEBUG PluginLoader Loading plugin "@stryker-mutator/karma-runner" (matched with expression @stryker-mutator/*)
11:47:52 (2912) DEBUG PluginLoader Loading plugin @stryker-mutator/karma-runner
11:47:52 (2912) DEBUG PluginLoader Loading plugin file:///C:/Users/rubenb/OneDrive%20-%20Info%20Support%20B.V/Desktop/Cursusmateriaal/Angular/date-picker/node_modules/@stryker-mutator/core/dist/src/reporters/index.js
11:47:52 (2912) DEBUG MetaSchemaBuilder Contributing 1 schemas from plugins to options validation.
11:47:52 (2912) WARN ProjectReader Glob pattern "!src/test.ts" did not exclude any files.
11:47:52 (2912) INFO ProjectReader Found 9 of 318 file(s) to be mutated.
11:47:52 (2912) DEBUG ProjectReader All input files: [
  "C:\\Users\\rubenb\\OneDrive - Info Support B.V\\Desktop\\Cursusmateriaal\\Angular\\date-picker\\.angular\\cache\\18.0.3\\angular-webpack\\8edf1974ea0877f2ab03a5369b2dee3d4ac3ba55\\0.pack",
  "C:\\Users\\rubenb\\OneDrive - Info Support B.V\\Desktop\\Cursusmateriaal\\Angular\\date-picker\\.angular\\cache\\18.0.3\\angular-webpack\\8edf1974ea0877f2ab03a5369b2dee3d4ac3ba55\\1.pack",
  "C:\\Users\\rubenb\\OneDrive - Info Support B.V\\Desktop\\Cursusmateriaal\\Angular\\date-picker\\.angular\\cache\\18.0.3\\angular-webpack\\8edf1974ea0877f2ab03a5369b2dee3d4ac3ba55\\2.pack",
  "C:\\Users\\rubenb\\OneDrive - Info Support B.V\\Desktop\\Cursusmateriaal\\Angular\\date-picker\\.angular\\cache\\18.0.3\\angular-webpack\\8edf1974ea0877f2ab03a5369b2dee3d4ac3ba55\\3.pack",
  "C:\\Users\\rubenb\\OneDrive - Info Support B.V\\Desktop\\Cursusmateriaal\\Angular\\date-picker\\.angular\\cache\\18.0.3\\angular-webpack\\8edf1974ea0877f2ab03a5369b2dee3d4ac3ba55\\index.pack",
  "C:\\Users\\rubenb\\OneDrive - Info Support B.V\\Desktop\\Cursusmateriaal\\Angular\\date-picker\\.angular\\cache\\18.0.3\\angular-webpack\\8edf1974ea0877f2ab03a5369b2dee3d4ac3ba55\\index.pack.old",
  "C:\\Users\\rubenb\\OneDrive - Info Support B.V\\Desktop\\Cursusmateriaal\\Angular\\date-picker\\.angular\\cache\\18.0.3\\babel-webpack\\000091626b5f0b5770c319d7dbcd21371e8d2940068c00c71e1cb39f4bd75711.json",
  "C:\\Users\\rubenb\\OneDrive - Info Support B.V\\Desktop\\Cursusmateriaal\\Angular\\date-picker\\.angular\\cache\\18.0.3\\babel-webpack\\01724681bf21363d70567a5d982e1f3900d454bb316934a96a8a26c9be5588ea.json",
  "C:\\Users\\rubenb\\OneDrive - Info Support B.V\\Desktop\\Cursusmateriaal\\Angular\\date-picker\\.angular\\cache\\18.0.3\\babel-webpack\\023c7364fc66518d7f184ca94376ec224617d01c45abb8715fee31ea51485c3e.json",
  "C:\\Users\\rubenb\\OneDrive - Info Support B.V\\Desktop\\Cursusmateriaal\\Angular\\date-picker\\.angular\\cache\\18.0.3\\babel-webpack\\026aace4bcf132eb517c92c3c2cde519f2a63222e61bc999044b64d9c1cc0fcb.json",
  "C:\\Users\\rubenb\\OneDrive - Info Support B.V\\Desktop\\Cursusmateriaal\\Angular\\date-picker\\.angular\\cache\\18.0.3\\babel-webpack\\03939ff76021ea004bc7ffafb57363e763ad334495198e586fe06c6c9751ed5b.json",
  "C:\\Users\\rubenb\\OneDrive - Info Support B.V\\Desktop\\Cursusmateriaal\\Angular\\date-picker\\.angular\\cache\\18.0.3\\babel-webpack\\047649b6b16b6922970797cd81e56eb6f04e12184ca6b42a1cf7081c34434008.json",
  "C:\\Users\\rubenb\\OneDrive - Info Support B.V\\Desktop\\Cursusmateriaal\\Angular\\date-picker\\.angular\\cache\\18.0.3\\babel-webpack\\0605e8f17141e274f6b07fdea56ce06ac6a9c0ddc4bf596e3039af76f872081f.json",
  "C:\\Users\\rubenb\\OneDrive - Info Support B.V\\Desktop\\Cursusmateriaal\\Angular\\date-picker\\.angular\\cache\\18.0.3\\babel-webpack\\067d54cba6e9628b829a0a283add6d7f3adc147b50b81b83ecc378033937160c.json",
  "C:\\Users\\rubenb\\OneDrive - Info Support B.V\\Desktop\\Cursusmateriaal\\Angular\\date-picker\\.angular\\cache\\18.0.3\\babel-webpack\\068fe55d43404280d9a0896bc00a6d73d5418009ea2dde0a2932a79e3b361038.json",
  "C:\\Users\\rubenb\\OneDrive - Info Support B.V\\Desktop\\Cursusmateriaal\\Angular\\date-picker\\.angular\\cache\\18.0.3\\babel-webpack\\069e25f2c90828b0a2facf88a9170895fd47a95aeefed00534f4edd4cec0f4b8.json",
  "C:\\Users\\rubenb\\OneDrive - Info Support B.V\\Desktop\\Cursusmateriaal\\Angular\\date-picker\\.angular\\cache\\18.0.3\\babel-webpack\\081d9a475bba56fb00f658b495e8b44d8a5ef2d0411974bc2d9f24f0dccbe849.json",
  "C:\\Users\\rubenb\\OneDrive - Info Support B.V\\Desktop\\Cursusmateriaal\\Angular\\date-picker\\.angular\\cache\\18.0.3\\babel-webpack\\09f1633837701e8400e89bf8ce223093a67828ac7b952baf78f6c66b9711078e.json",
  "C:\\Users\\rubenb\\OneDrive - Info Support B.V\\Desktop\\Cursusmateriaal\\Angular\\date-picker\\.angular\\cache\\18.0.3\\babel-webpack\\0b5b364fef30a7a548c37b9257d8bbc74d195ea6274c4a6831f4541bb011c21f.json",
  "C:\\Users\\rubenb\\OneDrive - Info Support B.V\\Desktop\\Cursusmateriaal\\Angular\\date-picker\\.angular\\cache\\18.0.3\\babel-webpack\\0bc01aff4458300654926a2b880558862d3865f2c2f4b3c45627e52bad2a3010.json",
  "C:\\Users\\rubenb\\OneDrive - Info Support B.V\\Desktop\\Cursusmateriaal\\Angular\\date-picker\\.angular\\cache\\18.0.3\\babel-webpack\\0bc6356cee2045a0873b3587fd46c87d8e658dc8b0181f8be584f55ab97bf65b.json",
  "C:\\Users\\rubenb\\OneDrive - Info Support B.V\\Desktop\\Cursusmateriaal\\Angular\\date-picker\\.angular\\cache\\18.0.3\\babel-webpack\\0d4fd6b28f42560460c8de9ffb432a6213800ea43e21ba5def11338eca52085b.json",
  "C:\\Users\\rubenb\\OneDrive - Info Support B.V\\Desktop\\Cursusmateriaal\\Angular\\date-picker\\.angular\\cache\\18.0.3\\babel-webpack\\0d8d97111834a34399d7e6106f5a878b1f0ab7a79b3c817f712f008d21368634.json",
  "C:\\Users\\rubenb\\OneDrive - Info Support B.V\\Desktop\\Cursusmateriaal\\Angular\\date-picker\\.angular\\cache\\18.0.3\\babel-webpack\\0db56f0021416e2d7e7a594b9d6d0468774e36ea6c32db3b9220d214be1b7c92.json",
  "C:\\Users\\rubenb\\OneDrive - Info Support B.V\\Desktop\\Cursusmateriaal\\Angular\\date-picker\\.angular\\cache\\18.0.3\\babel-webpack\\0dbb5145fcaba014f1d1a38f275fc08c26424a0bb86aef2efcbb0e99435ad747.json",
  "C:\\Users\\rubenb\\OneDrive - Info Support B.V\\Desktop\\Cursusmateriaal\\Angular\\date-picker\\.angular\\cache\\18.0.3\\babel-webpack\\0ea0c3c4dfb1960829675c6b30c3a5d6d459f3eacbce1f3866d9c138d64e9e14.json",
  "C:\\Users\\rubenb\\OneDrive - Info Support B.V\\Desktop\\Cursusmateriaal\\Angular\\date-picker\\.angular\\cache\\18.0.3\\babel-webpack\\0f646e3b36916b4070132ebab8676baf1b692ee1aa1e4f87dcd4cbd584aa0c08.json",
  "C:\\Users\\rubenb\\OneDrive - Info Support B.V\\Desktop\\Cursusmateriaal\\Angular\\date-picker\\.angular\\cache\\18.0.3\\babel-webpack\\0fc5ab83c920ccab8b821c67151958c2144d6d409b9605e75420edf9567fb15f.json",
  "C:\\Users\\rubenb\\OneDrive - Info Support B.V\\Desktop\\Cursusmateriaal\\Angular\\date-picker\\.angular\\cache\\18.0.3\\babel-webpack\\10574bcfdbb61e3d594aaff998d755a029ae79200e0d881f372779dc59e0cffd.json",
  "C:\\Users\\rubenb\\OneDrive - Info Support B.V\\Desktop\\Cursusmateriaal\\Angular\\date-picker\\.angular\\cache\\18.0.3\\babel-webpack\\11bf7eb984e66b3fd3237cdc9aa451a6f2bf591a0ca935bbec372a8bd4eae608.json",
  "C:\\Users\\rubenb\\OneDrive - Info Support B.V\\Desktop\\Cursusmateriaal\\Angular\\date-picker\\.angular\\cache\\18.0.3\\babel-webpack\\13f8612657bc77a03643ecc32a6d06ceda5fd48cf4a26bcd22c4ceea0aa19270.json",
  "C:\\Users\\rubenb\\OneDrive - Info Support B.V\\Desktop\\Cursusmateriaal\\Angular\\date-picker\\.angular\\cache\\18.0.3\\babel-webpack\\14b8796d7ee18382ff39c06ca88d0bbac02516b5fc79de7e4464de8d4bd3fd58.json",
  "C:\\Users\\rubenb\\OneDrive - Info Support B.V\\Desktop\\Cursusmateriaal\\Angular\\date-picker\\.angular\\cache\\18.0.3\\babel-webpack\\14c6a64b70075e6311d3c916dc8ba9aaebcdb058e2bada8000711ab5e8cf0b0b.json",
  "C:\\Users\\rubenb\\OneDrive - Info Support B.V\\Desktop\\Cursusmateriaal\\Angular\\date-picker\\.angular\\cache\\18.0.3\\babel-webpack\\14d31a635c4c57aa4b62914781fa4eabacac7d1d0451676c3e120885681474a9.json",
  "C:\\Users\\rubenb\\OneDrive - Info Support B.V\\Desktop\\Cursusmateriaal\\Angular\\date-picker\\.angular\\cache\\18.0.3\\babel-webpack\\15d8ffe725157ee2c096f58876fc0d8c41b866a6c3959e9ea5c0f9ae0eb4a9e0.json",
  "C:\\Users\\rubenb\\OneDrive - Info Support B.V\\Desktop\\Cursusmateriaal\\Angular\\date-picker\\.angular\\cache\\18.0.3\\babel-webpack\\17009825d64840a8e488d22b823fe39fc07426d7eccc0fca307cabc03fcbecb3.json",
  "C:\\Users\\rubenb\\OneDrive - Info Support B.V\\Desktop\\Cursusmateriaal\\Angular\\date-picker\\.angular\\cache\\18.0.3\\babel-webpack\\17190e72c44598b1f93ecebb61e4e60be2fa5c6efc9a9b454a282d2465e67f3e.json",
  "C:\\Users\\rubenb\\OneDrive - Info Support B.V\\Desktop\\Cursusmateriaal\\Angular\\date-picker\\.angular\\cache\\18.0.3\\babel-webpack\\17add99e1988afa584339f3c49a07afb894df3b29a08027004d0649ed77fec97.json",
  "C:\\Users\\rubenb\\OneDrive - Info Support B.V\\Desktop\\Cursusmateriaal\\Angular\\date-picker\\.angular\\cache\\18.0.3\\babel-webpack\\1d3454b1313368f36e3f20dc99d5edb47fbc1cf69b1a773684a87706b3f14d63.json",
  "C:\\Users\\rubenb\\OneDrive - Info Support B.V\\Desktop\\Cursusmateriaal\\Angular\\date-picker\\.angular\\cache\\18.0.3\\babel-webpack\\1d81ab10832fbf03d94528020cc3af5339ab6c744bc124ef4e1d59ae12b540df.json",
  "C:\\Users\\rubenb\\OneDrive - Info Support B.V\\Desktop\\Cursusmateriaal\\Angular\\date-picker\\.angular\\cache\\18.0.3\\babel-webpack\\219becefdfedba320f99edef147ab9657596e782585b4c81a7d9aaf10c002035.json",
  "C:\\Users\\rubenb\\OneDrive - Info Support B.V\\Desktop\\Cursusmateriaal\\Angular\\date-picker\\.angular\\cache\\18.0.3\\babel-webpack\\232cb88eadfd89031ccb4cd40d231e2442ea709da116ed4e11541d6d17d2a2e2.json",
  "C:\\Users\\rubenb\\OneDrive - Info Support B.V\\Desktop\\Cursusmateriaal\\Angular\\date-picker\\.angular\\cache\\18.0.3\\babel-webpack\\24cd691ccec3a670c82e9d687d02e07a61a7cd10df3a05ebf4b2b2cfd0d538d5.json",
  "C:\\Users\\rubenb\\OneDrive - Info Support B.V\\Desktop\\Cursusmateriaal\\Angular\\date-picker\\.angular\\cache\\18.0.3\\babel-webpack\\250589871ea47642939e1e437cb39387edb10f6d4b55ec6a69069bd188f7f2cf.json",
  "C:\\Users\\rubenb\\OneDrive - Info Support B.V\\Desktop\\Cursusmateriaal\\Angular\\date-picker\\.angular\\cache\\18.0.3\\babel-webpack\\2643d8e44bdb41a611dcfae8fe3fc9a629ad21ec9208904549cd16954ab6467b.json",
  "C:\\Users\\rubenb\\OneDrive - Info Support B.V\\Desktop\\Cursusmateriaal\\Angular\\date-picker\\.angular\\cache\\18.0.3\\babel-webpack\\28ab1a563e16e6f0cabc5ca74d64148487cf93d2e844c77224c7d0210c912587.json",
  "C:\\Users\\rubenb\\OneDrive - Info Support B.V\\Desktop\\Cursusmateriaal\\Angular\\date-picker\\.angular\\cache\\18.0.3\\babel-webpack\\2c5d6248bb014f6d8ea60601368c60d7d7c69cfa8733886007a0e1f385330ff2.json",
  "C:\\Users\\rubenb\\OneDrive - Info Support B.V\\Desktop\\Cursusmateriaal\\Angular\\date-picker\\.angular\\cache\\18.0.3\\babel-webpack\\2d195799b1cf742e6bfdc3a3d39b1fef4d60d605af2a1604f78ac2203abd39fa.json",
  "C:\\Users\\rubenb\\OneDrive - Info Support B.V\\Desktop\\Cursusmateriaal\\Angular\\date-picker\\.angular\\cache\\18.0.3\\babel-webpack\\2dfb8e57854b06b3548e7a7c938d1f4b2b08f62d7a9cf7b4376b59ced723718e.json",
  "C:\\Users\\rubenb\\OneDrive - Info Support B.V\\Desktop\\Cursusmateriaal\\Angular\\date-picker\\.angular\\cache\\18.0.3\\babel-webpack\\2e43f66e1f92fe9cdeb22e1bfd836e7a64c2e293d6e1b93dde966eb42c175fbe.json",
  "C:\\Users\\rubenb\\OneDrive - Info Support B.V\\Desktop\\Cursusmateriaal\\Angular\\date-picker\\.angular\\cache\\18.0.3\\babel-webpack\\2f100535160e4b1a94e19eb2d38a820ac8fb211e40b1e5dd4308e761b8dc1eec.json",
  "C:\\Users\\rubenb\\OneDrive - Info Support B.V\\Desktop\\Cursusmateriaal\\Angular\\date-picker\\.angular\\cache\\18.0.3\\babel-webpack\\2fa083b81fd956167ac21e8601feb466ff6a7dfdf1b29ba664884d59752ef884.json",
  "C:\\Users\\rubenb\\OneDrive - Info Support B.V\\Desktop\\Cursusmateriaal\\Angular\\date-picker\\.angular\\cache\\18.0.3\\babel-webpack\\3491db71c6ada92c50c543912a1523c15d7bd928cfb66e7ab9b732268ae31675.json",
  "C:\\Users\\rubenb\\OneDrive - Info Support B.V\\Desktop\\Cursusmateriaal\\Angular\\date-picker\\.angular\\cache\\18.0.3\\babel-webpack\\34bdd793bb0966b530e88e786e3d18fe9704984b2f76713261d568982a67b0a1.json",
  "C:\\Users\\rubenb\\OneDrive - Info Support B.V\\Desktop\\Cursusmateriaal\\Angular\\date-picker\\.angular\\cache\\18.0.3\\babel-webpack\\3555fa981177aecab03a88f4e927132e3ecf1b811bd4b5fa875ae68613e016eb.json",
  "C:\\Users\\rubenb\\OneDrive - Info Support B.V\\Desktop\\Cursusmateriaal\\Angular\\date-picker\\.angular\\cache\\18.0.3\\babel-webpack\\358113265c02b1f69fbb919de70908f9e1a4ad9147bc69c4f0bfa82327927115.json",
  "C:\\Users\\rubenb\\OneDrive - Info Support B.V\\Desktop\\Cursusmateriaal\\Angular\\date-picker\\.angular\\cache\\18.0.3\\babel-webpack\\35c11395c38d9ddb4c187e6c2adc84f5f8d20124899f74e69f060fab4fb8549c.json",
  "C:\\Users\\rubenb\\OneDrive - Info Support B.V\\Desktop\\Cursusmateriaal\\Angular\\date-picker\\.angular\\cache\\18.0.3\\babel-webpack\\3a7bba55f86dba1aa8a1b5cefe6ab3f07b88986e3ae29dcb5efe6bad813db337.json",
  "C:\\Users\\rubenb\\OneDrive - Info Support B.V\\Desktop\\Cursusmateriaal\\Angular\\date-picker\\.angular\\cache\\18.0.3\\babel-webpack\\3ab3eeb6f2207e27a1f8f739f3f14bd6240c7beec2284b26e22019a8dc8da9f0.json",
  "C:\\Users\\rubenb\\OneDrive - Info Support B.V\\Desktop\\Cursusmateriaal\\Angular\\date-picker\\.angular\\cache\\18.0.3\\babel-webpack\\3b2bf647a827ea65b495ed0212ef35ee5b2be76c42da454ed0ac3baf59ec7d70.json",
  "C:\\Users\\rubenb\\OneDrive - Info Support B.V\\Desktop\\Cursusmateriaal\\Angular\\date-picker\\.angular\\cache\\18.0.3\\babel-webpack\\3c2923ca8ce5b6dac066a379b26a8dc27ca2b3f25c0917c791f6faf03ad881ab.json",
  "C:\\Users\\rubenb\\OneDrive - Info Support B.V\\Desktop\\Cursusmateriaal\\Angular\\date-picker\\.angular\\cache\\18.0.3\\babel-webpack\\3c7269384a11044bef38d5d3607738dd401cb0bc79fd249941ef0c237b43bbba.json",
  "C:\\Users\\rubenb\\OneDrive - Info Support B.V\\Desktop\\Cursusmateriaal\\Angular\\date-picker\\.angular\\cache\\18.0.3\\babel-webpack\\3e4e41d8ae6b0a331196f0d6e8ababbaac9c5eae69d9cb19114f521aebc8c0ad.json",
  "C:\\Users\\rubenb\\OneDrive - Info Support B.V\\Desktop\\Cursusmateriaal\\Angular\\date-picker\\.angular\\cache\\18.0.3\\babel-webpack\\4208ea6a403a686816c966e89d472d372b62848b61202f0058ff798d57ec98a6.json",
  "C:\\Users\\rubenb\\OneDrive - Info Support B.V\\Desktop\\Cursusmateriaal\\Angular\\date-picker\\.angular\\cache\\18.0.3\\babel-webpack\\442b347ac8a910fe216fff871e2074cbd93be7ce29d0dc7965ce1af010fdd33a.json",
  "C:\\Users\\rubenb\\OneDrive - Info Support B.V\\Desktop\\Cursusmateriaal\\Angular\\date-picker\\.angular\\cache\\18.0.3\\babel-webpack\\4489cf13bc3f8bec27f78f067417a4b71b9db3b22f86fb739880082fd6f46777.json",
  "C:\\Users\\rubenb\\OneDrive - Info Support B.V\\Desktop\\Cursusmateriaal\\Angular\\date-picker\\.angular\\cache\\18.0.3\\babel-webpack\\455b4bfcd989c4cb877ffef2c19e577d4e0e24b2009d276e05f5a24ff08012a9.json",
  "C:\\Users\\rubenb\\OneDrive - Info Support B.V\\Desktop\\Cursusmateriaal\\Angular\\date-picker\\.angular\\cache\\18.0.3\\babel-webpack\\4aa0c906a746e77d48dbf598acf574996901c8dcb61203707eb3d26dba548dae.json",
  "C:\\Users\\rubenb\\OneDrive - Info Support B.V\\Desktop\\Cursusmateriaal\\Angular\\date-picker\\.angular\\cache\\18.0.3\\babel-webpack\\4ab1e146c4e7598bae569fbdd280c03107eeb504e6aa153a49771b67e04622da.json",
  "C:\\Users\\rubenb\\OneDrive - Info Support B.V\\Desktop\\Cursusmateriaal\\Angular\\date-picker\\.angular\\cache\\18.0.3\\babel-webpack\\4b64d0d804d6a221a766b2a96dad10d02f31f3f82445d93ca8d5318890ba0d63.json",
  "C:\\Users\\rubenb\\OneDrive - Info Support B.V\\Desktop\\Cursusmateriaal\\Angular\\date-picker\\.angular\\cache\\18.0.3\\babel-webpack\\4d22ffcb9e6b9faddce4ea989fe6ed93036819abd16ff150bd8611287fdc11d1.json",
  "C:\\Users\\rubenb\\OneDrive - Info Support B.V\\Desktop\\Cursusmateriaal\\Angular\\date-picker\\.angular\\cache\\18.0.3\\babel-webpack\\4ed9976bee30c02c45b23cda4870a95c89a9071e3e4b0611c807e24998c71736.json",
  "C:\\Users\\rubenb\\OneDrive - Info Support B.V\\Desktop\\Cursusmateriaal\\Angular\\date-picker\\.angular\\cache\\18.0.3\\babel-webpack\\4efd4b5c666e7eb0ffe2d3e5c3c8d9bfc1a0417fc3b22a18ffe4b35a7b7e4cd1.json",
  "C:\\Users\\rubenb\\OneDrive - Info Support B.V\\Desktop\\Cursusmateriaal\\Angular\\date-picker\\.angular\\cache\\18.0.3\\babel-webpack\\50016ef39421cf6f600bc34036addb6d773886a7de73b294fba128e57b8f2204.json",
  "C:\\Users\\rubenb\\OneDrive - Info Support B.V\\Desktop\\Cursusmateriaal\\Angular\\date-picker\\.angular\\cache\\18.0.3\\babel-webpack\\50b2a4b0b9de6e8400fe9f2450cc573da48fdc911f7be029d1c478156a9aab71.json",
  "C:\\Users\\rubenb\\OneDrive - Info Support B.V\\Desktop\\Cursusmateriaal\\Angular\\date-picker\\.angular\\cache\\18.0.3\\babel-webpack\\5264479b9852669ee9e55039334573ad0b23345a55b186971a916d94a95fad06.json",
  "C:\\Users\\rubenb\\OneDrive - Info Support B.V\\Desktop\\Cursusmateriaal\\Angular\\date-picker\\.angular\\cache\\18.0.3\\babel-webpack\\527b98d17493aefb5fa4165c8764df562ba89595b6104cba4043945f233f84f9.json",
  "C:\\Users\\rubenb\\OneDrive - Info Support B.V\\Desktop\\Cursusmateriaal\\Angular\\date-picker\\.angular\\cache\\18.0.3\\babel-webpack\\52bef049411cf91ff4fc4d2f576f859d58c4d869178ae35640f3f5f57f2461d5.json",
  "C:\\Users\\rubenb\\OneDrive - Info Support B.V\\Desktop\\Cursusmateriaal\\Angular\\date-picker\\.angular\\cache\\18.0.3\\babel-webpack\\53971eeac4689bc0fb1d92e7f04dfe40788d253844725d9abebde3afa56c584d.json",
  "C:\\Users\\rubenb\\OneDrive - Info Support B.V\\Desktop\\Cursusmateriaal\\Angular\\date-picker\\.angular\\cache\\18.0.3\\babel-webpack\\53cc8aa6635b007df4f9b77de32d2c7e0be54866338fe74dcfb140a4f15cea67.json",
  "C:\\Users\\rubenb\\OneDrive - Info Support B.V\\Desktop\\Cursusmateriaal\\Angular\\date-picker\\.angular\\cache\\18.0.3\\babel-webpack\\54582c95299264d817c9754b622d8320b87bcd491f4ddd3c6412fdcbe0307206.json",
  "C:\\Users\\rubenb\\OneDrive - Info Support B.V\\Desktop\\Cursusmateriaal\\Angular\\date-picker\\.angular\\cache\\18.0.3\\babel-webpack\\557196838552bf75a8a503ffc679616fc47acaefd3c19cdaf2b56cefa66b0f20.json",
  "C:\\Users\\rubenb\\OneDrive - Info Support B.V\\Desktop\\Cursusmateriaal\\Angular\\date-picker\\.angular\\cache\\18.0.3\\babel-webpack\\5692720e1ca7c9de07cf4563dcaa3d9287c3c379deaf9804248f620ea240d879.json",
  "C:\\Users\\rubenb\\OneDrive - Info Support B.V\\Desktop\\Cursusmateriaal\\Angular\\date-picker\\.angular\\cache\\18.0.3\\babel-webpack\\5706f464c544cf2fba7ef5bcae8d6754411e5d69bd89eec6584a4e0c0eaed715.json",
  "C:\\Users\\rubenb\\OneDrive - Info Support B.V\\Desktop\\Cursusmateriaal\\Angular\\date-picker\\.angular\\cache\\18.0.3\\babel-webpack\\572c2ee888827de85a2805685b43d42e5278d77275a24957f69de7ae871b55dc.json",
  "C:\\Users\\rubenb\\OneDrive - Info Support B.V\\Desktop\\Cursusmateriaal\\Angular\\date-picker\\.angular\\cache\\18.0.3\\babel-webpack\\579c43d34983241db173414593d70e88f9795aed3a477b47b29cf16e665b3ca8.json",
  "C:\\Users\\rubenb\\OneDrive - Info Support B.V\\Desktop\\Cursusmateriaal\\Angular\\date-picker\\.angular\\cache\\18.0.3\\babel-webpack\\57b741200f5e11bf1918c597ab8778ff9730d6786965e99433c57b572b5adc17.json",
  "C:\\Users\\rubenb\\OneDrive - Info Support B.V\\Desktop\\Cursusmateriaal\\Angular\\date-picker\\.angular\\cache\\18.0.3\\babel-webpack\\5971c5af3582a8f4dbbf4ca18b02463f7ca9c4645afbcc7ed08099bf75d76113.json",
  "C:\\Users\\rubenb\\OneDrive - Info Support B.V\\Desktop\\Cursusmateriaal\\Angular\\date-picker\\.angular\\cache\\18.0.3\\babel-webpack\\59bbbfa5b68df64c922bf45cb6ba53ede1ed82f2aea21b3efcec91ef951d1625.json",
  "C:\\Users\\rubenb\\OneDrive - Info Support B.V\\Desktop\\Cursusmateriaal\\Angular\\date-picker\\.angular\\cache\\18.0.3\\babel-webpack\\5bd8942ffcdb4959b1adad428dc185c6e0a90b7c15df66b8a4ee900a2bc0658a.json",
  "C:\\Users\\rubenb\\OneDrive - Info Support B.V\\Desktop\\Cursusmateriaal\\Angular\\date-picker\\.angular\\cache\\18.0.3\\babel-webpack\\5c8d87a48f7433226b81a373d163dacf5932eb2a5d6258e6424fb99017ca4fef.json",
  "C:\\Users\\rubenb\\OneDrive - Info Support B.V\\Desktop\\Cursusmateriaal\\Angular\\date-picker\\.angular\\cache\\18.0.3\\babel-webpack\\5d10c95221c0cde6485ca3767284252fa58beb0b42801a9e05b85a1839d0bb58.json",
  "C:\\Users\\rubenb\\OneDrive - Info Support B.V\\Desktop\\Cursusmateriaal\\Angular\\date-picker\\.angular\\cache\\18.0.3\\babel-webpack\\5dfeb7b5d6bee828336b6a955f3419c3cd4a18566e59c2584d7921e1a1fcf8ee.json",
  "C:\\Users\\rubenb\\OneDrive - Info Support B.V\\Desktop\\Cursusmateriaal\\Angular\\date-picker\\.angular\\cache\\18.0.3\\babel-webpack\\5e6eb9216d0d0c4ce3a647257261d0488b6ca7d2f3c421fae1cb798e88f6a710.json",
  "C:\\Users\\rubenb\\OneDrive - Info Support B.V\\Desktop\\Cursusmateriaal\\Angular\\date-picker\\.angular\\cache\\18.0.3\\babel-webpack\\5ed5ad244b41c7dd8a8433dc4e7ff8cd13d80154c7a20a9935ef3d6d9b1d7b92.json",
  "C:\\Users\\rubenb\\OneDrive - Info Support B.V\\Desktop\\Cursusmateriaal\\Angular\\date-picker\\.angular\\cache\\18.0.3\\babel-webpack\\5f27ece8b5470e2284aa683e61beb9937808f6db3397fb7338c4cb9bb99ab49d.json",
  "C:\\Users\\rubenb\\OneDrive - Info Support B.V\\Desktop\\Cursusmateriaal\\Angular\\date-picker\\.angular\\cache\\18.0.3\\babel-webpack\\605c462069fcbdfbcb247d268913fe1abb28e92a505af7b577169d83446eef78.json",
  "C:\\Users\\rubenb\\OneDrive - Info Support B.V\\Desktop\\Cursusmateriaal\\Angular\\date-picker\\.angular\\cache\\18.0.3\\babel-webpack\\61916b398de8132100ee8dd420555f8b8751e14339f4b146d8f7e1dcb7d0a7f8.json",
  "C:\\Users\\rubenb\\OneDrive - Info Support B.V\\Desktop\\Cursusmateriaal\\Angular\\date-picker\\.angular\\cache\\18.0.3\\babel-webpack\\620b2b3e9bdbba59a6461e05b842a5c12349569459e2e47c8bc800be88ee1094.json",
  "C:\\Users\\rubenb\\OneDrive - Info Support B.V\\Desktop\\Cursusmateriaal\\Angular\\date-picker\\.angular\\cache\\18.0.3\\babel-webpack\\63c6e37aca9b7f6d0368e127be3ab5fb8790dcf895ee77c13723f02717d07a10.json",
  "C:\\Users\\rubenb\\OneDrive - Info Support B.V\\Desktop\\Cursusmateriaal\\Angular\\date-picker\\.angular\\cache\\18.0.3\\babel-webpack\\63fef0dff2faa29a7f786a6384b390767bceeb60ca7a04ec04174a778ca20ef9.json",
  "C:\\Users\\rubenb\\OneDrive - Info Support B.V\\Desktop\\Cursusmateriaal\\Angular\\date-picker\\.angular\\cache\\18.0.3\\babel-webpack\\645f6ebfd800140af635232cc9c2924ca0ab990c08ad8c3fc99d5633fedee989.json",
  "C:\\Users\\rubenb\\OneDrive - Info Support B.V\\Desktop\\Cursusmateriaal\\Angular\\date-picker\\.angular\\cache\\18.0.3\\babel-webpack\\646d318bca323dcadde8916c7ce1e7e8a188fcd94fa4140298f343c58bd70b7f.json",
  "C:\\Users\\rubenb\\OneDrive - Info Support B.V\\Desktop\\Cursusmateriaal\\Angular\\date-picker\\.angular\\cache\\18.0.3\\babel-webpack\\65d3796d4c7995d3733a4aa63c4873dfde28d39c4e222e591e9f0a78fd92f698.json",
  "C:\\Users\\rubenb\\OneDrive - Info Support B.V\\Desktop\\Cursusmateriaal\\Angular\\date-picker\\.angular\\cache\\18.0.3\\babel-webpack\\67d6d4ac423f43bd47631a16bbdff73c227882b34a65e14a573d30a833be24a4.json",
  "C:\\Users\\rubenb\\OneDrive - Info Support B.V\\Desktop\\Cursusmateriaal\\Angular\\date-picker\\.angular\\cache\\18.0.3\\babel-webpack\\68262b1a4677e71932c24c531007c030a4b1b2dd03ef84722e974263c30d7598.json",
  "C:\\Users\\rubenb\\OneDrive - Info Support B.V\\Desktop\\Cursusmateriaal\\Angular\\date-picker\\.angular\\cache\\18.0.3\\babel-webpack\\6ab447c370c1cf029dc75d2e6f0f2901217156df701d12710626b568a6f67c90.json",
  "C:\\Users\\rubenb\\OneDrive - Info Support B.V\\Desktop\\Cursusmateriaal\\Angular\\date-picker\\.angular\\cache\\18.0.3\\babel-webpack\\6abad971e98c73cd0cda4f67d993faaf0ff366695fc53586e14775daabe0a6a6.json",
  "C:\\Users\\rubenb\\OneDrive - Info Support B.V\\Desktop\\Cursusmateriaal\\Angular\\date-picker\\.angular\\cache\\18.0.3\\babel-webpack\\6b7f9ad016e07981f0efdcf8e62dd734adf9f8db73467dbbf9ebbaf3e9f2f4d3.json",
  "C:\\Users\\rubenb\\OneDrive - Info Support B.V\\Desktop\\Cursusmateriaal\\Angular\\date-picker\\.angular\\cache\\18.0.3\\babel-webpack\\6d177b6b2b0d1f25bcf86308d8b9d71be65e744672c04952d677670de2c33c2a.json",
  "C:\\Users\\rubenb\\OneDrive - Info Support B.V\\Desktop\\Cursusmateriaal\\Angular\\date-picker\\.angular\\cache\\18.0.3\\babel-webpack\\6e5145c348ad59a05b7a10ab1ce3dd950d24792dd40b5af05de70be533fe43ee.json",
  "C:\\Users\\rubenb\\OneDrive - Info Support B.V\\Desktop\\Cursusmateriaal\\Angular\\date-picker\\.angular\\cache\\18.0.3\\babel-webpack\\7005ca792f4736c38af7c961a10c25986910fe12cace7cf8235dec434eedb771.json",
  "C:\\Users\\rubenb\\OneDrive - Info Support B.V\\Desktop\\Cursusmateriaal\\Angular\\date-picker\\.angular\\cache\\18.0.3\\babel-webpack\\715fd434a2e0205f43a9920913a253b317ff05a720613189269b6e9329a5221e.json",
  "C:\\Users\\rubenb\\OneDrive - Info Support B.V\\Desktop\\Cursusmateriaal\\Angular\\date-picker\\.angular\\cache\\18.0.3\\babel-webpack\\71887f734950f90527d6cfb7169989344060acd39ab6e9842a0457b5cf203b8e.json",
  "C:\\Users\\rubenb\\OneDrive - Info Support B.V\\Desktop\\Cursusmateriaal\\Angular\\date-picker\\.angular\\cache\\18.0.3\\babel-webpack\\71a7d1472217a7732ddf96db1a3b061278f1b8b3e2b1257f690be89f54ee5cae.json",
  "C:\\Users\\rubenb\\OneDrive - Info Support B.V\\Desktop\\Cursusmateriaal\\Angular\\date-picker\\.angular\\cache\\18.0.3\\babel-webpack\\71f26ea4c4df18e7bfacfcbf71ada3334821055c0a1ec58a77793b416add56c9.json",
  "C:\\Users\\rubenb\\OneDrive - Info Support B.V\\Desktop\\Cursusmateriaal\\Angular\\date-picker\\.angular\\cache\\18.0.3\\babel-webpack\\7289ded4462f4cfa8f3d721dff24791a7ba15e03b681bc2bbeb688aed64b7bc1.json",
  "C:\\Users\\rubenb\\OneDrive - Info Support B.V\\Desktop\\Cursusmateriaal\\Angular\\date-picker\\.angular\\cache\\18.0.3\\babel-webpack\\744b69cad35be9a13b0567b47eefaec6e3b738842023d58ffe821c23b3c8cd51.json",
  "C:\\Users\\rubenb\\OneDrive - Info Support B.V\\Desktop\\Cursusmateriaal\\Angular\\date-picker\\.angular\\cache\\18.0.3\\babel-webpack\\74ab5e8b4b851d480dc74bbaa6c067814ff6ea35f6d94b6c60f239793f0f082c.json",
  "C:\\Users\\rubenb\\OneDrive - Info Support B.V\\Desktop\\Cursusmateriaal\\Angular\\date-picker\\.angular\\cache\\18.0.3\\babel-webpack\\74b12f4456b7aa6870e6f9f9ce80f01467234f4c44ca0c441d3f30d98e245762.json",
  "C:\\Users\\rubenb\\OneDrive - Info Support B.V\\Desktop\\Cursusmateriaal\\Angular\\date-picker\\.angular\\cache\\18.0.3\\babel-webpack\\753f01bb12742fdfcad654708c9be336eb13c264716cb0b150b973f2deb2f2c0.json",
  "C:\\Users\\rubenb\\OneDrive - Info Support B.V\\Desktop\\Cursusmateriaal\\Angular\\date-picker\\.angular\\cache\\18.0.3\\babel-webpack\\75594a6f1d527423afca049b20d2e4fe8bce0291482d0827a2f3709e03455bce.json",
  "C:\\Users\\rubenb\\OneDrive - Info Support B.V\\Desktop\\Cursusmateriaal\\Angular\\date-picker\\.angular\\cache\\18.0.3\\babel-webpack\\7676f07ea850c91d0a47baa7b5b12e9974123e175d6ba5b7f3736f727207543e.json",
  "C:\\Users\\rubenb\\OneDrive - Info Support B.V\\Desktop\\Cursusmateriaal\\Angular\\date-picker\\.angular\\cache\\18.0.3\\babel-webpack\\76fa883123ca2ce7157ec797bc8f720446790246e1b7167df62f44ff130b5158.json",
  "C:\\Users\\rubenb\\OneDrive - Info Support B.V\\Desktop\\Cursusmateriaal\\Angular\\date-picker\\.angular\\cache\\18.0.3\\babel-webpack\\78893a309d3195faace26fb8bd23d3b7fe63f6767a83aebc046e1ddfa08ed685.json",
  "C:\\Users\\rubenb\\OneDrive - Info Support B.V\\Desktop\\Cursusmateriaal\\Angular\\date-picker\\.angular\\cache\\18.0.3\\babel-webpack\\7955c396592fc7bf6cf9c7f25a18b9d8558ca3d38409a71842422863ab1f3f3c.json",
  "C:\\Users\\rubenb\\OneDrive - Info Support B.V\\Desktop\\Cursusmateriaal\\Angular\\date-picker\\.angular\\cache\\18.0.3\\babel-webpack\\79b5367e09649b8d7aba5547ba4d3fd38ce2a9bb05f016b455a380c4bd1c1626.json",
  "C:\\Users\\rubenb\\OneDrive - Info Support B.V\\Desktop\\Cursusmateriaal\\Angular\\date-picker\\.angular\\cache\\18.0.3\\babel-webpack\\7aa790f1d9290f4488e45c845488a98d0c437cc1376c706e538c1734e36b2b70.json",
  "C:\\Users\\rubenb\\OneDrive - Info Support B.V\\Desktop\\Cursusmateriaal\\Angular\\date-picker\\.angular\\cache\\18.0.3\\babel-webpack\\7b18868f40c10d007040e60c4310b2209cc1dd97e9a2668af9c0b2c342f827cf.json",
  "C:\\Users\\rubenb\\OneDrive - Info Support B.V\\Desktop\\Cursusmateriaal\\Angular\\date-picker\\.angular\\cache\\18.0.3\\babel-webpack\\7b97fae0b67432490c45e27d9d054d2356a3af53191fb16b8db8de0caf78b62e.json",
  "C:\\Users\\rubenb\\OneDrive - Info Support B.V\\Desktop\\Cursusmateriaal\\Angular\\date-picker\\.angular\\cache\\18.0.3\\babel-webpack\\7febd73fbf276637fc411dd39cd12c216d8cc65a8f8f3c1750ee3ba506b426ff.json",
  "C:\\Users\\rubenb\\OneDrive - Info Support B.V\\Desktop\\Cursusmateriaal\\Angular\\date-picker\\.angular\\cache\\18.0.3\\babel-webpack\\806b1ca6176485b0877ca82e03144ac7d555dfa80941f56103b155f74fe96459.json",
  "C:\\Users\\rubenb\\OneDrive - Info Support B.V\\Desktop\\Cursusmateriaal\\Angular\\date-picker\\.angular\\cache\\18.0.3\\babel-webpack\\807370c276f709008ccfaf2096b0d5c81dec6e7d06f48595ec7b1b12ddc9a5a9.json",
  "C:\\Users\\rubenb\\OneDrive - Info Support B.V\\Desktop\\Cursusmateriaal\\Angular\\date-picker\\.angular\\cache\\18.0.3\\babel-webpack\\8230fc52ee661cb8347b3658fa012c9c8fa38843d57ff87dd24784a865c7430d.json",
  "C:\\Users\\rubenb\\OneDrive - Info Support B.V\\Desktop\\Cursusmateriaal\\Angular\\date-picker\\.angular\\cache\\18.0.3\\babel-webpack\\82f647d7377cfe5668cdd20ce6b542d0243b487949243a1f8bf84219c76fded7.json",
  "C:\\Users\\rubenb\\OneDrive - Info Support B.V\\Desktop\\Cursusmateriaal\\Angular\\date-picker\\.angular\\cache\\18.0.3\\babel-webpack\\8404ea64424bd606b2c5363c045f2207485c3d2ce28120c0a6734e288341cbf2.json",
  "C:\\Users\\rubenb\\OneDrive - Info Support B.V\\Desktop\\Cursusmateriaal\\Angular\\date-picker\\.angular\\cache\\18.0.3\\babel-webpack\\844d208ec74522dd85ba7b957bf675914ee901d74454b9d6120b8c1639f0d687.json",
  "C:\\Users\\rubenb\\OneDrive - Info Support B.V\\Desktop\\Cursusmateriaal\\Angular\\date-picker\\.angular\\cache\\18.0.3\\babel-webpack\\851864382619c4a0948e30696c9bd43f2f50bba8c44d2629ccd4d9a6ed2d1ca3.json",
  "C:\\Users\\rubenb\\OneDrive - Info Support B.V\\Desktop\\Cursusmateriaal\\Angular\\date-picker\\.angular\\cache\\18.0.3\\babel-webpack\\85623701de5f4cb2086a8a9d951bd07a7b829fea436f39e9cbbf8af39a430b66.json",
  "C:\\Users\\rubenb\\OneDrive - Info Support B.V\\Desktop\\Cursusmateriaal\\Angular\\date-picker\\.angular\\cache\\18.0.3\\babel-webpack\\85ffb72e1c28d06a1029321df0f6f043ad7a878698a98d8a9418f525368dad26.json",
  "C:\\Users\\rubenb\\OneDrive - Info Support B.V\\Desktop\\Cursusmateriaal\\Angular\\date-picker\\.angular\\cache\\18.0.3\\babel-webpack\\87a3241941d1567c21b32ec39a2a65a8b1d9f9fa780aa26038f23a37ca136eb0.json",
  "C:\\Users\\rubenb\\OneDrive - Info Support B.V\\Desktop\\Cursusmateriaal\\Angular\\date-picker\\.angular\\cache\\18.0.3\\babel-webpack\\87e5decf19f548f8277c2ce2bf9d99beba6700938117468a2de4cce6253e52c8.json",
  "C:\\Users\\rubenb\\OneDrive - Info Support B.V\\Desktop\\Cursusmateriaal\\Angular\\date-picker\\.angular\\cache\\18.0.3\\babel-webpack\\88b097ad062f3818449a4e0abb52a18d6b0ecdc0bcb52ded38a7197265449f35.json",
  "C:\\Users\\rubenb\\OneDrive - Info Support B.V\\Desktop\\Cursusmateriaal\\Angular\\date-picker\\.angular\\cache\\18.0.3\\babel-webpack\\89e70dd3e207350cb0c5266dc110eef679e250af9b76a5f9a2206547fde8819f.json",
  "C:\\Users\\rubenb\\OneDrive - Info Support B.V\\Desktop\\Cursusmateriaal\\Angular\\date-picker\\.angular\\cache\\18.0.3\\babel-webpack\\8a5973c412bb8a63e3cc4d08b08e081442daa3859e86d363f08e8450dea56388.json",
  "C:\\Users\\rubenb\\OneDrive - Info Support B.V\\Desktop\\Cursusmateriaal\\Angular\\date-picker\\.angular\\cache\\18.0.3\\babel-webpack\\8c3a8e51e2644cb796a91578209bbf6200e4d2c71adfb86fbb186a0ecf94c702.json",
  "C:\\Users\\rubenb\\OneDrive - Info Support B.V\\Desktop\\Cursusmateriaal\\Angular\\date-picker\\.angular\\cache\\18.0.3\\babel-webpack\\8cc011466f2c98fec1bd28e8d193bb9b24b0513db6a4b0fedc4c3fd90c341cac.json",
  "C:\\Users\\rubenb\\OneDrive - Info Support B.V\\Desktop\\Cursusmateriaal\\Angular\\date-picker\\.angular\\cache\\18.0.3\\babel-webpack\\8e5e72944678266dc65450d38d11c8f7e964e4668fb56cd75a04b1ccf65cc3ae.json",
  "C:\\Users\\rubenb\\OneDrive - Info Support B.V\\Desktop\\Cursusmateriaal\\Angular\\date-picker\\.angular\\cache\\18.0.3\\babel-webpack\\8f230ce83ead01d3afdb94ac2c86b2ff7389983c282d215c5375794bc4383d61.json",
  "C:\\Users\\rubenb\\OneDrive - Info Support B.V\\Desktop\\Cursusmateriaal\\Angular\\date-picker\\.angular\\cache\\18.0.3\\babel-webpack\\8f76562ccff2c003f79db621d776f215042038f7e7fa67e387ade13f35354127.json",
  "C:\\Users\\rubenb\\OneDrive - Info Support B.V\\Desktop\\Cursusmateriaal\\Angular\\date-picker\\.angular\\cache\\18.0.3\\babel-webpack\\93bec2811821d7002f420e6655e31b46cad92913b6b35dc7b6ef0458f35db893.json",
  "C:\\Users\\rubenb\\OneDrive - Info Support B.V\\Desktop\\Cursusmateriaal\\Angular\\date-picker\\.angular\\cache\\18.0.3\\babel-webpack\\940f4120bf2f73750b2acc74d0aba1a8832463b07e576d9f559fe2a34847833e.json",
  "C:\\Users\\rubenb\\OneDrive - Info Support B.V\\Desktop\\Cursusmateriaal\\Angular\\date-picker\\.angular\\cache\\18.0.3\\babel-webpack\\943a65aec336f9a43f222b7f4690556f8c93c03167648b2d051199dcf04f7f0d.json",
  "C:\\Users\\rubenb\\OneDrive - Info Support B.V\\Desktop\\Cursusmateriaal\\Angular\\date-picker\\.angular\\cache\\18.0.3\\babel-webpack\\97e44a9344a9eecb4b2cede224fe03096b58e6225c5278a43beac3990b3963dc.json",
  "C:\\Users\\rubenb\\OneDrive - Info Support B.V\\Desktop\\Cursusmateriaal\\Angular\\date-picker\\.angular\\cache\\18.0.3\\babel-webpack\\9800781567844de0529d24e6a1ef4c1ab8312ee91121d465bce5725fa99ee29f.json",
  "C:\\Users\\rubenb\\OneDrive - Info Support B.V\\Desktop\\Cursusmateriaal\\Angular\\date-picker\\.angular\\cache\\18.0.3\\babel-webpack\\98ecbd3a5e9006dfce36822c39244f36de434ae2013c71fee00233bd0186a2aa.json",
  "C:\\Users\\rubenb\\OneDrive - Info Support B.V\\Desktop\\Cursusmateriaal\\Angular\\date-picker\\.angular\\cache\\18.0.3\\babel-webpack\\9cba09bd3cbac746a03364a2b91e8076d6fa974996574e107d6f9770e547ff2b.json",
  "C:\\Users\\rubenb\\OneDrive - Info Support B.V\\Desktop\\Cursusmateriaal\\Angular\\date-picker\\.angular\\cache\\18.0.3\\babel-webpack\\9eaf474a71c77c0975a95e748cc347470b26f5892c892ad7f03525d358c3beca.json",
  "C:\\Users\\rubenb\\OneDrive - Info Support B.V\\Desktop\\Cursusmateriaal\\Angular\\date-picker\\.angular\\cache\\18.0.3\\babel-webpack\\9eb8b0104584e9e494a70d9a4fa3c0350dabad2068ae3d3464ac74a231b44082.json",
  "C:\\Users\\rubenb\\OneDrive - Info Support B.V\\Desktop\\Cursusmateriaal\\Angular\\date-picker\\.angular\\cache\\18.0.3\\babel-webpack\\a1342d3d9866c3c12c3ad53d921e81b325334504b502fa22ceeb9609f5c066ba.json",
  "C:\\Users\\rubenb\\OneDrive - Info Support B.V\\Desktop\\Cursusmateriaal\\Angular\\date-picker\\.angular\\cache\\18.0.3\\babel-webpack\\a14faa8b465eb58a340d86943ac426f1d77193095196c17ba173a03b43e2acac.json",
  "C:\\Users\\rubenb\\OneDrive - Info Support B.V\\Desktop\\Cursusmateriaal\\Angular\\date-picker\\.angular\\cache\\18.0.3\\babel-webpack\\a156dfd8e4e5e64f5ef427689f21cd48a975ced8935c1f7e86ad975f877ddcdc.json",
  "C:\\Users\\rubenb\\OneDrive - Info Support B.V\\Desktop\\Cursusmateriaal\\Angular\\date-picker\\.angular\\cache\\18.0.3\\babel-webpack\\a2691fc43c73d2e0d3811d38e0295633180cdd89028ad2c5e1cd3458980f7077.json",
  "C:\\Users\\rubenb\\OneDrive - Info Support B.V\\Desktop\\Cursusmateriaal\\Angular\\date-picker\\.angular\\cache\\18.0.3\\babel-webpack\\a29cdc82a34fb95975caf667c6d1579220bc9a5946e4d132c781edaa2dacd4a3.json",
  "C:\\Users\\rubenb\\OneDrive - Info Support B.V\\Desktop\\Cursusmateriaal\\Angular\\date-picker\\.angular\\cache\\18.0.3\\babel-webpack\\a2fff4ba8aac8122d3ad7f489f128afa3fcb07c461ba5b9ca24053881b61b590.json",
  "C:\\Users\\rubenb\\OneDrive - Info Support B.V\\Desktop\\Cursusmateriaal\\Angular\\date-picker\\.angular\\cache\\18.0.3\\babel-webpack\\a6a0b9d1588c818b0f109165b58cc73b02faf194155aac083bf62ae8902176f7.json",
  "C:\\Users\\rubenb\\OneDrive - Info Support B.V\\Desktop\\Cursusmateriaal\\Angular\\date-picker\\.angular\\cache\\18.0.3\\babel-webpack\\a80fe766ec14645287b1c9455a579f754c190ff30edc9aad43f3d415fc677795.json",
  "C:\\Users\\rubenb\\OneDrive - Info Support B.V\\Desktop\\Cursusmateriaal\\Angular\\date-picker\\.angular\\cache\\18.0.3\\babel-webpack\\a824a0c1de1de60c21ecadd63cb6ec99c0b705fc3bc75857cad6e65e7b8b51fb.json",
  "C:\\Users\\rubenb\\OneDrive - Info Support B.V\\Desktop\\Cursusmateriaal\\Angular\\date-picker\\.angular\\cache\\18.0.3\\babel-webpack\\a93c68efeb75d285b10c50db588f94568e47e91aff6de57ecf97e629c6354a1f.json",
  "C:\\Users\\rubenb\\OneDrive - Info Support B.V\\Desktop\\Cursusmateriaal\\Angular\\date-picker\\.angular\\cache\\18.0.3\\babel-webpack\\a99067fa6b382068d19f418ee08122ff59f2729ec44c0e267861acae2f0825a1.json",
  "C:\\Users\\rubenb\\OneDrive - Info Support B.V\\Desktop\\Cursusmateriaal\\Angular\\date-picker\\.angular\\cache\\18.0.3\\babel-webpack\\abb1daac8e7531765d0105e32865d2bdf7cb276366400232cd893ca5ed4a1bfe.json",
  "C:\\Users\\rubenb\\OneDrive - Info Support B.V\\Desktop\\Cursusmateriaal\\Angular\\date-picker\\.angular\\cache\\18.0.3\\babel-webpack\\afe7c6a8624a0c64a28e167dc414cd5a152da76a08174c623bc0c5f59cc709d9.json",
  "C:\\Users\\rubenb\\OneDrive - Info Support B.V\\Desktop\\Cursusmateriaal\\Angular\\date-picker\\.angular\\cache\\18.0.3\\babel-webpack\\aff98d3ad587d89324ecce87672f08f62419940624dbecb57a9d861e02e156f5.json",
  "C:\\Users\\rubenb\\OneDrive - Info Support B.V\\Desktop\\Cursusmateriaal\\Angular\\date-picker\\.angular\\cache\\18.0.3\\babel-webpack\\b00a8e6d136f24e97b1a7a74a5c28ed4a2338d07eb64ba33f5cc109703bc8c84.json",
  "C:\\Users\\rubenb\\OneDrive - Info Support B.V\\Desktop\\Cursusmateriaal\\Angular\\date-picker\\.angular\\cache\\18.0.3\\babel-webpack\\b043a8a6b6ebc34ca9b2c66534f85d16f777c6f7731a62bdbbe1738a81953b40.json",
  "C:\\Users\\rubenb\\OneDrive - Info Support B.V\\Desktop\\Cursusmateriaal\\Angular\\date-picker\\.angular\\cache\\18.0.3\\babel-webpack\\b0df52a16e0f077062907be9d521420859861e58551efbc91b89c2d8c2b0e958.json",
  "C:\\Users\\rubenb\\OneDrive - Info Support B.V\\Desktop\\Cursusmateriaal\\Angular\\date-picker\\.angular\\cache\\18.0.3\\babel-webpack\\b13a75573b0c87d882be2b7f3e9bba26f13fccd1d1f81ca3281b749344de2b54.json",
  "C:\\Users\\rubenb\\OneDrive - Info Support B.V\\Desktop\\Cursusmateriaal\\Angular\\date-picker\\.angular\\cache\\18.0.3\\babel-webpack\\b1801e303bb05217a6cc825c402997d5c5f5bf89cffa41058c56790bd7539038.json",
  "C:\\Users\\rubenb\\OneDrive - Info Support B.V\\Desktop\\Cursusmateriaal\\Angular\\date-picker\\.angular\\cache\\18.0.3\\babel-webpack\\b19473df93d85e2b854988de6a03f14e6ba44017247823f530f287cb6f5b3d53.json",
  "C:\\Users\\rubenb\\OneDrive - Info Support B.V\\Desktop\\Cursusmateriaal\\Angular\\date-picker\\.angular\\cache\\18.0.3\\babel-webpack\\b25b2a2908c3a237cfc4ba5af33c58a7a304f89fb8db69e150a231ec31c9a5b0.json",
  "C:\\Users\\rubenb\\OneDrive - Info Support B.V\\Desktop\\Cursusmateriaal\\Angular\\date-picker\\.angular\\cache\\18.0.3\\babel-webpack\\b2e88d87f7f2211aa1e401c89e2a6c739885d7e929057e221415dcca703b6f58.json",
  "C:\\Users\\rubenb\\OneDrive - Info Support B.V\\Desktop\\Cursusmateriaal\\Angular\\date-picker\\.angular\\cache\\18.0.3\\babel-webpack\\b3688f47bdc6c6996951a17fc6ceef7ca3ccb811184bf7be5f6391e672dbcbfe.json",
  "C:\\Users\\rubenb\\OneDrive - Info Support B.V\\Desktop\\Cursusmateriaal\\Angular\\date-picker\\.angular\\cache\\18.0.3\\babel-webpack\\b4177cfadbe3c5aa3a1e18d7449bb52b59e0233125e7d38e57e6d7ab2656c567.json",
  "C:\\Users\\rubenb\\OneDrive - Info Support B.V\\Desktop\\Cursusmateriaal\\Angular\\date-picker\\.angular\\cache\\18.0.3\\babel-webpack\\b418c2785020eecb074eb15d2b17a99329172d6e3b0ec17399a5e9af62730e4a.json",
  "C:\\Users\\rubenb\\OneDrive - Info Support B.V\\Desktop\\Cursusmateriaal\\Angular\\date-picker\\.angular\\cache\\18.0.3\\babel-webpack\\b65debaf0c56135a09929375a1823f0ffce60a67c6566b1ee541c26faf46eaee.json",
  "C:\\Users\\rubenb\\OneDrive - Info Support B.V\\Desktop\\Cursusmateriaal\\Angular\\date-picker\\.angular\\cache\\18.0.3\\babel-webpack\\b89112cbbd6ca21871fd3ab04ef703170e6ba21d99f5128a6b8ac1f3fc2e0a9a.json",
  "C:\\Users\\rubenb\\OneDrive - Info Support B.V\\Desktop\\Cursusmateriaal\\Angular\\date-picker\\.angular\\cache\\18.0.3\\babel-webpack\\b8cf80347e11e123bd0736a65f97c239bb97399049b922b4a920f0e6c61f30ca.json",
  "C:\\Users\\rubenb\\OneDrive - Info Support B.V\\Desktop\\Cursusmateriaal\\Angular\\date-picker\\.angular\\cache\\18.0.3\\babel-webpack\\b9601066ba55494285dfe498c4054034b8ef77fcb141d4e81d82138b278a063c.json",
  "C:\\Users\\rubenb\\OneDrive - Info Support B.V\\Desktop\\Cursusmateriaal\\Angular\\date-picker\\.angular\\cache\\18.0.3\\babel-webpack\\b9602ca93798fa5cfbb410008857910cc30748967c3a0494b2c26a0623bb7083.json",
  "C:\\Users\\rubenb\\OneDrive - Info Support B.V\\Desktop\\Cursusmateriaal\\Angular\\date-picker\\.angular\\cache\\18.0.3\\babel-webpack\\b9aa45d47e06bda15433aeb4c8c926a06cbc7d5d85536583784b21604c204c67.json",
  "C:\\Users\\rubenb\\OneDrive - Info Support B.V\\Desktop\\Cursusmateriaal\\Angular\\date-picker\\.angular\\cache\\18.0.3\\babel-webpack\\b9c2c8dc20f66ac6a8c50ff420d391dc5f75af7e25826009508cde8241fdf874.json",
  "C:\\Users\\rubenb\\OneDrive - Info Support B.V\\Desktop\\Cursusmateriaal\\Angular\\date-picker\\.angular\\cache\\18.0.3\\babel-webpack\\bb0f1ecb13d144d931a4069af77b7512ea102615af3271ad5b8edfb5527cc607.json",
  "C:\\Users\\rubenb\\OneDrive - Info Support B.V\\Desktop\\Cursusmateriaal\\Angular\\date-picker\\.angular\\cache\\18.0.3\\babel-webpack\\bb3efeb52d8585b34d4fd7691e8b2e913b6ea75d8340b7dc185f50237764005b.json",
  "C:\\Users\\rubenb\\OneDrive - Info Support B.V\\Desktop\\Cursusmateriaal\\Angular\\date-picker\\.angular\\cache\\18.0.3\\babel-webpack\\bb5f66b5d8e4e7c979b2de88a6a08e2d25c625904cd045112b01ad2574c6fdf0.json",
  "C:\\Users\\rubenb\\OneDrive - Info Support B.V\\Desktop\\Cursusmateriaal\\Angular\\date-picker\\.angular\\cache\\18.0.3\\babel-webpack\\bbb9e831af3cf3507c1bf8e2ae4b733782e5f424713803f35d7f11397f848694.json",
  "C:\\Users\\rubenb\\OneDrive - Info Support B.V\\Desktop\\Cursusmateriaal\\Angular\\date-picker\\.angular\\cache\\18.0.3\\babel-webpack\\bf3ff02ebac492fb726282b205fa1946040f38c1357f58148b94babf5ad4db14.json",
  "C:\\Users\\rubenb\\OneDrive - Info Support B.V\\Desktop\\Cursusmateriaal\\Angular\\date-picker\\.angular\\cache\\18.0.3\\babel-webpack\\c032517eb6d44b174e9e16bb4e7d8e123d573a4fb495b318f211515d71856ccc.json",
  "C:\\Users\\rubenb\\OneDrive - Info Support B.V\\Desktop\\Cursusmateriaal\\Angular\\date-picker\\.angular\\cache\\18.0.3\\babel-webpack\\c1b6f816749feca5649acd034464487531fc666bd985765c4288e33fc27d7e97.json",
  "C:\\Users\\rubenb\\OneDrive - Info Support B.V\\Desktop\\Cursusmateriaal\\Angular\\date-picker\\.angular\\cache\\18.0.3\\babel-webpack\\c26bcf81f9e741c2988eb55ff2f76bc9000deb23703b3261fa4e54040e16cb32.json",
  "C:\\Users\\rubenb\\OneDrive - Info Support B.V\\Desktop\\Cursusmateriaal\\Angular\\date-picker\\.angular\\cache\\18.0.3\\babel-webpack\\c2d6a44f244b933cb1ae24aa71a892b9d688b66172e27ebbd45c8e482f20cd2c.json",
  "C:\\Users\\rubenb\\OneDrive - Info Support B.V\\Desktop\\Cursusmateriaal\\Angular\\date-picker\\.angular\\cache\\18.0.3\\babel-webpack\\c300093740f7ba1f52714c450f1c6d7e6bdf6981e66a6b9e205c3f4da13a29ab.json",
  "C:\\Users\\rubenb\\OneDrive - Info Support B.V\\Desktop\\Cursusmateriaal\\Angular\\date-picker\\.angular\\cache\\18.0.3\\babel-webpack\\c307199276f4e0c1dd9fa3b37de343f6d28a1141938a10dee75b930d8842daa9.json",
  "C:\\Users\\rubenb\\OneDrive - Info Support B.V\\Desktop\\Cursusmateriaal\\Angular\\date-picker\\.angular\\cache\\18.0.3\\babel-webpack\\c430366fef813faa031f76de22ef41c9a7c6aae0d9dcd83945c0682dccdd2200.json",
  "C:\\Users\\rubenb\\OneDrive - Info Support B.V\\Desktop\\Cursusmateriaal\\Angular\\date-picker\\.angular\\cache\\18.0.3\\babel-webpack\\c50381ccb1564d85c38ff3f0e1a350cd26be953ae520f183ab4f7c8af89b8687.json",
  "C:\\Users\\rubenb\\OneDrive - Info Support B.V\\Desktop\\Cursusmateriaal\\Angular\\date-picker\\.angular\\cache\\18.0.3\\babel-webpack\\c529edac63263491ef79d31f7f137566d38c5ad0f8f9715a7a2cb149f984265d.json",
  "C:\\Users\\rubenb\\OneDrive - Info Support B.V\\Desktop\\Cursusmateriaal\\Angular\\date-picker\\.angular\\cache\\18.0.3\\babel-webpack\\c76a0e62cd899fe9fc907a0dd958300302df0fe7f9b98766dcc68bbef4e3d352.json",
  "C:\\Users\\rubenb\\OneDrive - Info Support B.V\\Desktop\\Cursusmateriaal\\Angular\\date-picker\\.angular\\cache\\18.0.3\\babel-webpack\\c81f29f01db4795b15e2360e5956419d09f2aa89c163bb8b4ef11bdd55a304cb.json",
  "C:\\Users\\rubenb\\OneDrive - Info Support B.V\\Desktop\\Cursusmateriaal\\Angular\\date-picker\\.angular\\cache\\18.0.3\\babel-webpack\\c829271fe1f7dd999668ca534558098e4fd3aa8aecc5c96187332f651ca3c4b1.json",
  "C:\\Users\\rubenb\\OneDrive - Info Support B.V\\Desktop\\Cursusmateriaal\\Angular\\date-picker\\.angular\\cache\\18.0.3\\babel-webpack\\c8fadb8b7656b28d1c55fcb5edaf4386fa75d9ac537282691a2e1cf59e06d965.json",
  "C:\\Users\\rubenb\\OneDrive - Info Support B.V\\Desktop\\Cursusmateriaal\\Angular\\date-picker\\.angular\\cache\\18.0.3\\babel-webpack\\c95ea6c5addd571839f7faa67703688c9b7e794418fba34959475e95646e9cc4.json",
  "C:\\Users\\rubenb\\OneDrive - Info Support B.V\\Desktop\\Cursusmateriaal\\Angular\\date-picker\\.angular\\cache\\18.0.3\\babel-webpack\\c9f3520e41f9c02dc558364340c32793286c57417020044b7dcfa9484fe4fd3f.json",
  "C:\\Users\\rubenb\\OneDrive - Info Support B.V\\Desktop\\Cursusmateriaal\\Angular\\date-picker\\.angular\\cache\\18.0.3\\babel-webpack\\cb8dcc0939bc128961f29fd19040d498af291ab596ed9d2161d4462b2b252821.json",
  "C:\\Users\\rubenb\\OneDrive - Info Support B.V\\Desktop\\Cursusmateriaal\\Angular\\date-picker\\.angular\\cache\\18.0.3\\babel-webpack\\cc63ef6cb02f2b1cd00f29fb425f1986566d053c39a67c06c1637323af44ddfe.json",
  "C:\\Users\\rubenb\\OneDrive - Info Support B.V\\Desktop\\Cursusmateriaal\\Angular\\date-picker\\.angular\\cache\\18.0.3\\babel-webpack\\cd221e43c471a4b7e1af365a6ed6b3648b913fc7c7a62ae4699cb93b1549b542.json",
  "C:\\Users\\rubenb\\OneDrive - Info Support B.V\\Desktop\\Cursusmateriaal\\Angular\\date-picker\\.angular\\cache\\18.0.3\\babel-webpack\\cd716640de6d25dbf0e16e5fe03804aa9a13810ab7f4b5f55c74ed2bb17651f8.json",
  "C:\\Users\\rubenb\\OneDrive - Info Support B.V\\Desktop\\Cursusmateriaal\\Angular\\date-picker\\.angular\\cache\\18.0.3\\babel-webpack\\cd99e93205c5be33d1931c4396c8db8660157d5852ac4a36c9284771e20a7dba.json",
  "C:\\Users\\rubenb\\OneDrive - Info Support B.V\\Desktop\\Cursusmateriaal\\Angular\\date-picker\\.angular\\cache\\18.0.3\\babel-webpack\\cddc5b1dc96051d9077df5c7e07c3672d170a70f66b156c54bdc9a1afd55957a.json",
  "C:\\Users\\rubenb\\OneDrive - Info Support B.V\\Desktop\\Cursusmateriaal\\Angular\\date-picker\\.angular\\cache\\18.0.3\\babel-webpack\\cf7d467b96eedd96d8382e7ea493a7a81c44a072e10661f9f5c1b3078b767ac6.json",
  "C:\\Users\\rubenb\\OneDrive - Info Support B.V\\Desktop\\Cursusmateriaal\\Angular\\date-picker\\.angular\\cache\\18.0.3\\babel-webpack\\d06fe1d3d0e07963ea1a8578eab60af932a84b3e102757af59a2282c7aa281d6.json",
  "C:\\Users\\rubenb\\OneDrive - Info Support B.V\\Desktop\\Cursusmateriaal\\Angular\\date-picker\\.angular\\cache\\18.0.3\\babel-webpack\\d0b4eb590d7b07c157f69b47791de1b7180b257fe7bf5cd883d4b8bca9c8938a.json",
  "C:\\Users\\rubenb\\OneDrive - Info Support B.V\\Desktop\\Cursusmateriaal\\Angular\\date-picker\\.angular\\cache\\18.0.3\\babel-webpack\\d19e8d1ba524c762c749fbe28e2f84b660fdf012558f53796096685ac61e0ad6.json",
  "C:\\Users\\rubenb\\OneDrive - Info Support B.V\\Desktop\\Cursusmateriaal\\Angular\\date-picker\\.angular\\cache\\18.0.3\\babel-webpack\\d243d79a22dbaa242d5bf43f59b464763127bf160f586b0463df9a1d8670db12.json",
  "C:\\Users\\rubenb\\OneDrive - Info Support B.V\\Desktop\\Cursusmateriaal\\Angular\\date-picker\\.angular\\cache\\18.0.3\\babel-webpack\\d283dfd738ffbfad49e23771de66ac965b3d2009537e1bdae220c381326d20ba.json",
  "C:\\Users\\rubenb\\OneDrive - Info Support B.V\\Desktop\\Cursusmateriaal\\Angular\\date-picker\\.angular\\cache\\18.0.3\\babel-webpack\\d2f42184b3388569aa11fb92ff99b0f5eb4900a647c41e42f86a474ce64e0f40.json",
  "C:\\Users\\rubenb\\OneDrive - Info Support B.V\\Desktop\\Cursusmateriaal\\Angular\\date-picker\\.angular\\cache\\18.0.3\\babel-webpack\\d309918b66f9149ed74947646db3ed6576bd81939c49ef0489443eca0c3a52e1.json",
  "C:\\Users\\rubenb\\OneDrive - Info Support B.V\\Desktop\\Cursusmateriaal\\Angular\\date-picker\\.angular\\cache\\18.0.3\\babel-webpack\\d32b93ad0f1aa75b28bf45996fcbb6db160dfa5e92948942d3227f627081e8a1.json",
  "C:\\Users\\rubenb\\OneDrive - Info Support B.V\\Desktop\\Cursusmateriaal\\Angular\\date-picker\\.angular\\cache\\18.0.3\\babel-webpack\\d34205c2b885ac4b25139d681d172ac5e8e294b924504decd53caef9dd769246.json",
  "C:\\Users\\rubenb\\OneDrive - Info Support B.V\\Desktop\\Cursusmateriaal\\Angular\\date-picker\\.angular\\cache\\18.0.3\\babel-webpack\\d4401289ded55e423feb63b59010b6dcbcceca9a7b672678eb12b3980fea0587.json",
  "C:\\Users\\rubenb\\OneDrive - Info Support B.V\\Desktop\\Cursusmateriaal\\Angular\\date-picker\\.angular\\cache\\18.0.3\\babel-webpack\\d57f4ca3445b7bcede3049ce0a7ebe7606f46e13b8e8c688aaaf78881cb1027d.json",
  "C:\\Users\\rubenb\\OneDrive - Info Support B.V\\Desktop\\Cursusmateriaal\\Angular\\date-picker\\.angular\\cache\\18.0.3\\babel-webpack\\d61cf3aaf9bb957b181943905e6ec889f89f4157c6f6a4d00fca1cca5b8ba7ee.json",
  "C:\\Users\\rubenb\\OneDrive - Info Support B.V\\Desktop\\Cursusmateriaal\\Angular\\date-picker\\.angular\\cache\\18.0.3\\babel-webpack\\d66ac690094e5dc3c826b3fb1235ddfba719c1124ca7a48d0f966554146c9299.json",
  "C:\\Users\\rubenb\\OneDrive - Info Support B.V\\Desktop\\Cursusmateriaal\\Angular\\date-picker\\.angular\\cache\\18.0.3\\babel-webpack\\d7fe54f406952018b104d4d86e405a6eea458f33f57fe6672b2343f0f94f1a32.json",
  "C:\\Users\\rubenb\\OneDrive - Info Support B.V\\Desktop\\Cursusmateriaal\\Angular\\date-picker\\.angular\\cache\\18.0.3\\babel-webpack\\d87605f7789b63896b5f7ba00319cab73c6cfd3ec44b57dbfddd74edab9ced3c.json",
  "C:\\Users\\rubenb\\OneDrive - Info Support B.V\\Desktop\\Cursusmateriaal\\Angular\\date-picker\\.angular\\cache\\18.0.3\\babel-webpack\\da88d1d7798447f49e1cc6cbaa686ed111a03b1bf4888de470de907adbeb892a.json",
  "C:\\Users\\rubenb\\OneDrive - Info Support B.V\\Desktop\\Cursusmateriaal\\Angular\\date-picker\\.angular\\cache\\18.0.3\\babel-webpack\\dc208f77ece3e657325d1c68d73e76b7f695119bbaf1ce637cdb9eff428c4a0b.json",
  "C:\\Users\\rubenb\\OneDrive - Info Support B.V\\Desktop\\Cursusmateriaal\\Angular\\date-picker\\.angular\\cache\\18.0.3\\babel-webpack\\dc89baa7d4ee85d0dfb7dc8a14182b1bf6eebb3f0468a192cf517ebb7a2199a9.json",
  "C:\\Users\\rubenb\\OneDrive - Info Support B.V\\Desktop\\Cursusmateriaal\\Angular\\date-picker\\.angular\\cache\\18.0.3\\babel-webpack\\dd97d87081ed32397daea1bd5fba5ebfff5e61f74f69565bf8d5e8428ac64d78.json",
  "C:\\Users\\rubenb\\OneDrive - Info Support B.V\\Desktop\\Cursusmateriaal\\Angular\\date-picker\\.angular\\cache\\18.0.3\\babel-webpack\\dedcf8f6b963197c67b05f010f3678ed7427ad6c6e8df31c3325985f81a6b276.json",
  "C:\\Users\\rubenb\\OneDrive - Info Support B.V\\Desktop\\Cursusmateriaal\\Angular\\date-picker\\.angular\\cache\\18.0.3\\babel-webpack\\e347a34e13317a5b0b11d87a1e52af5b542cae8aaa0d0cacc4f47e83f382a5b2.json",
  "C:\\Users\\rubenb\\OneDrive - Info Support B.V\\Desktop\\Cursusmateriaal\\Angular\\date-picker\\.angular\\cache\\18.0.3\\babel-webpack\\e53122d9a9ea96c2518324027acfb5f1ecba888055885eab63f9d740784aeaf4.json",
  "C:\\Users\\rubenb\\OneDrive - Info Support B.V\\Desktop\\Cursusmateriaal\\Angular\\date-picker\\.angular\\cache\\18.0.3\\babel-webpack\\e576ac3f16860a0aea11050edf6279938a4a5aae629fb1d945ebaa3d358e2d7b.json",
  "C:\\Users\\rubenb\\OneDrive - Info Support B.V\\Desktop\\Cursusmateriaal\\Angular\\date-picker\\.angular\\cache\\18.0.3\\babel-webpack\\e5c9cee22da0cb646ac3d884fa800c9eb07861893bead36ca4814c809abd7859.json",
  "C:\\Users\\rubenb\\OneDrive - Info Support B.V\\Desktop\\Cursusmateriaal\\Angular\\date-picker\\.angular\\cache\\18.0.3\\babel-webpack\\e6e058f2d87886def815157c281a38ed80dd92ef8e5ff6fed06dedd00123378b.json",
  "C:\\Users\\rubenb\\OneDrive - Info Support B.V\\Desktop\\Cursusmateriaal\\Angular\\date-picker\\.angular\\cache\\18.0.3\\babel-webpack\\e8d85d0a74c6664ff3bbf5a11d84d0766ab1a791d3a7014a9707f774dee57572.json",
  "C:\\Users\\rubenb\\OneDrive - Info Support B.V\\Desktop\\Cursusmateriaal\\Angular\\date-picker\\.angular\\cache\\18.0.3\\babel-webpack\\e958ebcbadc859aad901b872ba346c3477d807de5cd17e1c4701f2d0b7ee082a.json",
  "C:\\Users\\rubenb\\OneDrive - Info Support B.V\\Desktop\\Cursusmateriaal\\Angular\\date-picker\\.angular\\cache\\18.0.3\\babel-webpack\\e9f4d31fb1fd34f356b2fee4be554a0314e046261cfd220119490286bb3c1fe9.json",
  "C:\\Users\\rubenb\\OneDrive - Info Support B.V\\Desktop\\Cursusmateriaal\\Angular\\date-picker\\.angular\\cache\\18.0.3\\babel-webpack\\ead60ec736c7d1812bdabe0b50eab3e6a381e0b7eb539b8985261dc60de2fc38.json",
  "C:\\Users\\rubenb\\OneDrive - Info Support B.V\\Desktop\\Cursusmateriaal\\Angular\\date-picker\\.angular\\cache\\18.0.3\\babel-webpack\\ecd2b7cd8584f74589c4a96aac98100111a7159e0c7cc600333b6854b513326f.json",
  "C:\\Users\\rubenb\\OneDrive - Info Support B.V\\Desktop\\Cursusmateriaal\\Angular\\date-picker\\.angular\\cache\\18.0.3\\babel-webpack\\ee7c5434120b4c3c82cbf0278be54ee6e5984622d31b0adaf777b41f09ceafa6.json",
  "C:\\Users\\rubenb\\OneDrive - Info Support B.V\\Desktop\\Cursusmateriaal\\Angular\\date-picker\\.angular\\cache\\18.0.3\\babel-webpack\\ef86c80830377b37c1806e67bd44eef44092206e95806fec46b641d5cfc873e3.json",
  "C:\\Users\\rubenb\\OneDrive - Info Support B.V\\Desktop\\Cursusmateriaal\\Angular\\date-picker\\.angular\\cache\\18.0.3\\babel-webpack\\f15af98458beca15e82b272b90027898bb668c7f53997268b36abd925e8c1d8d.json",
  "C:\\Users\\rubenb\\OneDrive - Info Support B.V\\Desktop\\Cursusmateriaal\\Angular\\date-picker\\.angular\\cache\\18.0.3\\babel-webpack\\f2218da54587cd9af5e90c536da6fa3fa832bc774b63ab42e25db30f5c95666a.json",
  "C:\\Users\\rubenb\\OneDrive - Info Support B.V\\Desktop\\Cursusmateriaal\\Angular\\date-picker\\.angular\\cache\\18.0.3\\babel-webpack\\f2f561144481f28f0fd9908fef3dd9ec346be48618f633b720bc0e4511b712d9.json",
  "C:\\Users\\rubenb\\OneDrive - Info Support B.V\\Desktop\\Cursusmateriaal\\Angular\\date-picker\\.angular\\cache\\18.0.3\\babel-webpack\\f9f2ea2ca1a4cf8e8c536b04a8c6051e45308a64218d28ede515d0f247b24223.json",
  "C:\\Users\\rubenb\\OneDrive - Info Support B.V\\Desktop\\Cursusmateriaal\\Angular\\date-picker\\.angular\\cache\\18.0.3\\babel-webpack\\fa751a8a8a922d293f3fc804e32f58a8b924f396484eaaf2afb7032f54f9be92.json",
  "C:\\Users\\rubenb\\OneDrive - Info Support B.V\\Desktop\\Cursusmateriaal\\Angular\\date-picker\\.angular\\cache\\18.0.3\\babel-webpack\\fc6c2b4c43e20045d382d635d3fa0f8bc0901662d10449f9f79dd9217ee8c4c4.json",
  "C:\\Users\\rubenb\\OneDrive - Info Support B.V\\Desktop\\Cursusmateriaal\\Angular\\date-picker\\.angular\\cache\\18.0.3\\babel-webpack\\fcaf9b0af550c0977b2b81ea3dd8a8f071a610f2847a7c3180cb548e8c8dcc49.json",
  "C:\\Users\\rubenb\\OneDrive - Info Support B.V\\Desktop\\Cursusmateriaal\\Angular\\date-picker\\.angular\\cache\\18.0.3\\babel-webpack\\fd3c37896d7f92075f87d8197a25e06ca09e699479dc164d5368be097ad55bb4.json",
  "C:\\Users\\rubenb\\OneDrive - Info Support B.V\\Desktop\\Cursusmateriaal\\Angular\\date-picker\\.angular\\cache\\18.0.3\\babel-webpack\\fde094b32c5cd33d4190e3f7baf4c17c81f8007dd5d20d90fd2c7e6393aa4500.json",
  "C:\\Users\\rubenb\\OneDrive - Info Support B.V\\Desktop\\Cursusmateriaal\\Angular\\date-picker\\.angular\\cache\\18.0.3\\babel-webpack\\fe2c12b07497f598ab0eeb24a3c713ccffa394eef3309a0ec817c75287ba6434.json",
  "C:\\Users\\rubenb\\OneDrive - Info Support B.V\\Desktop\\Cursusmateriaal\\Angular\\date-picker\\.angular\\cache\\18.0.3\\babel-webpack\\fedb9c67f6f58bde305f01139527d5548e9f4a85bd981f43df80683bb6f18027.json",
  "C:\\Users\\rubenb\\OneDrive - Info Support B.V\\Desktop\\Cursusmateriaal\\Angular\\date-picker\\.angular\\cache\\18.0.3\\babel-webpack\\ff52781a9fb43648947aab356b2d0bc530c15d98ec41fe2fef00525c8500789c.json",
  "C:\\Users\\rubenb\\OneDrive - Info Support B.V\\Desktop\\Cursusmateriaal\\Angular\\date-picker\\.angular\\cache\\18.0.3\\vite\\deps\\@angular_common_http.js",
  "C:\\Users\\rubenb\\OneDrive - Info Support B.V\\Desktop\\Cursusmateriaal\\Angular\\date-picker\\.angular\\cache\\18.0.3\\vite\\deps\\@angular_common_http.js.map",
  "C:\\Users\\rubenb\\OneDrive - Info Support B.V\\Desktop\\Cursusmateriaal\\Angular\\date-picker\\.angular\\cache\\18.0.3\\vite\\deps\\@angular_core.js",
  "C:\\Users\\rubenb\\OneDrive - Info Support B.V\\Desktop\\Cursusmateriaal\\Angular\\date-picker\\.angular\\cache\\18.0.3\\vite\\deps\\@angular_core.js.map",
  "C:\\Users\\rubenb\\OneDrive - Info Support B.V\\Desktop\\Cursusmateriaal\\Angular\\date-picker\\.angular\\cache\\18.0.3\\vite\\deps\\@angular_forms.js",
  "C:\\Users\\rubenb\\OneDrive - Info Support B.V\\Desktop\\Cursusmateriaal\\Angular\\date-picker\\.angular\\cache\\18.0.3\\vite\\deps\\@angular_forms.js.map",
  "C:\\Users\\rubenb\\OneDrive - Info Support B.V\\Desktop\\Cursusmateriaal\\Angular\\date-picker\\.angular\\cache\\18.0.3\\vite\\deps\\@angular_platform-browser.js",
  "C:\\Users\\rubenb\\OneDrive - Info Support B.V\\Desktop\\Cursusmateriaal\\Angular\\date-picker\\.angular\\cache\\18.0.3\\vite\\deps\\@angular_platform-browser.js.map",
  "C:\\Users\\rubenb\\OneDrive - Info Support B.V\\Desktop\\Cursusmateriaal\\Angular\\date-picker\\.angular\\cache\\18.0.3\\vite\\deps\\@angular_router.js",
  "C:\\Users\\rubenb\\OneDrive - Info Support B.V\\Desktop\\Cursusmateriaal\\Angular\\date-picker\\.angular\\cache\\18.0.3\\vite\\deps\\@angular_router.js.map",
  "C:\\Users\\rubenb\\OneDrive - Info Support B.V\\Desktop\\Cursusmateriaal\\Angular\\date-picker\\.angular\\cache\\18.0.3\\vite\\deps\\chunk-GAG3GJBK.js",
  "C:\\Users\\rubenb\\OneDrive - Info Support B.V\\Desktop\\Cursusmateriaal\\Angular\\date-picker\\.angular\\cache\\18.0.3\\vite\\deps\\chunk-GAG3GJBK.js.map",
  "C:\\Users\\rubenb\\OneDrive - Info Support B.V\\Desktop\\Cursusmateriaal\\Angular\\date-picker\\.angular\\cache\\18.0.3\\vite\\deps\\chunk-HVFU3AXE.js",
  "C:\\Users\\rubenb\\OneDrive - Info Support B.V\\Desktop\\Cursusmateriaal\\Angular\\date-picker\\.angular\\cache\\18.0.3\\vite\\deps\\chunk-HVFU3AXE.js.map",
  "C:\\Users\\rubenb\\OneDrive - Info Support B.V\\Desktop\\Cursusmateriaal\\Angular\\date-picker\\.angular\\cache\\18.0.3\\vite\\deps\\chunk-QHYRABPK.js",
  "C:\\Users\\rubenb\\OneDrive - Info Support B.V\\Desktop\\Cursusmateriaal\\Angular\\date-picker\\.angular\\cache\\18.0.3\\vite\\deps\\chunk-QHYRABPK.js.map",
  "C:\\Users\\rubenb\\OneDrive - Info Support B.V\\Desktop\\Cursusmateriaal\\Angular\\date-picker\\.angular\\cache\\18.0.3\\vite\\deps\\chunk-RYJHU5QR.js",
  "C:\\Users\\rubenb\\OneDrive - Info Support B.V\\Desktop\\Cursusmateriaal\\Angular\\date-picker\\.angular\\cache\\18.0.3\\vite\\deps\\chunk-RYJHU5QR.js.map",
  "C:\\Users\\rubenb\\OneDrive - Info Support B.V\\Desktop\\Cursusmateriaal\\Angular\\date-picker\\.angular\\cache\\18.0.3\\vite\\deps\\package.json",
  "C:\\Users\\rubenb\\OneDrive - Info Support B.V\\Desktop\\Cursusmateriaal\\Angular\\date-picker\\.angular\\cache\\18.0.3\\vite\\deps\\_metadata.json",
  "C:\\Users\\rubenb\\OneDrive - Info Support B.V\\Desktop\\Cursusmateriaal\\Angular\\date-picker\\.editorconfig",
  "C:\\Users\\rubenb\\OneDrive - Info Support B.V\\Desktop\\Cursusmateriaal\\Angular\\date-picker\\.gitignore",
  "C:\\Users\\rubenb\\OneDrive - Info Support B.V\\Desktop\\Cursusmateriaal\\Angular\\date-picker\\.vscode\\extensions.json",
  "C:\\Users\\rubenb\\OneDrive - Info Support B.V\\Desktop\\Cursusmateriaal\\Angular\\date-picker\\.vscode\\launch.json",
  "C:\\Users\\rubenb\\OneDrive - Info Support B.V\\Desktop\\Cursusmateriaal\\Angular\\date-picker\\.vscode\\tasks.json",
  "C:\\Users\\rubenb\\OneDrive - Info Support B.V\\Desktop\\Cursusmateriaal\\Angular\\date-picker\\angular.json",
  "C:\\Users\\rubenb\\OneDrive - Info Support B.V\\Desktop\\Cursusmateriaal\\Angular\\date-picker\\date-picker.json",
  "C:\\Users\\rubenb\\OneDrive - Info Support B.V\\Desktop\\Cursusmateriaal\\Angular\\date-picker\\karma.conf.js",
  "C:\\Users\\rubenb\\OneDrive - Info Support B.V\\Desktop\\Cursusmateriaal\\Angular\\date-picker\\package-lock.json",
  "C:\\Users\\rubenb\\OneDrive - Info Support B.V\\Desktop\\Cursusmateriaal\\Angular\\date-picker\\package.json",
  "C:\\Users\\rubenb\\OneDrive - Info Support B.V\\Desktop\\Cursusmateriaal\\Angular\\date-picker\\public\\favicon.ico",
  "C:\\Users\\rubenb\\OneDrive - Info Support B.V\\Desktop\\Cursusmateriaal\\Angular\\date-picker\\README.md",
  "C:\\Users\\rubenb\\OneDrive - Info Support B.V\\Desktop\\Cursusmateriaal\\Angular\\date-picker\\src\\app\\app.component.html",
  "C:\\Users\\rubenb\\OneDrive - Info Support B.V\\Desktop\\Cursusmateriaal\\Angular\\date-picker\\src\\app\\app.component.scss",
  "C:\\Users\\rubenb\\OneDrive - Info Support B.V\\Desktop\\Cursusmateriaal\\Angular\\date-picker\\src\\app\\app.component.ts",
  "C:\\Users\\rubenb\\OneDrive - Info Support B.V\\Desktop\\Cursusmateriaal\\Angular\\date-picker\\src\\app\\app.config.ts",
  "C:\\Users\\rubenb\\OneDrive - Info Support B.V\\Desktop\\Cursusmateriaal\\Angular\\date-picker\\src\\app\\app.routes.ts",
  "C:\\Users\\rubenb\\OneDrive - Info Support B.V\\Desktop\\Cursusmateriaal\\Angular\\date-picker\\src\\app\\contact-list\\contact-list.component.html",
  "C:\\Users\\rubenb\\OneDrive - Info Support B.V\\Desktop\\Cursusmateriaal\\Angular\\date-picker\\src\\app\\contact-list\\contact-list.component.scss",
  "C:\\Users\\rubenb\\OneDrive - Info Support B.V\\Desktop\\Cursusmateriaal\\Angular\\date-picker\\src\\app\\contact-list\\contact-list.component.spec.ts",
  "C:\\Users\\rubenb\\OneDrive - Info Support B.V\\Desktop\\Cursusmateriaal\\Angular\\date-picker\\src\\app\\contact-list\\contact-list.component.ts",
  "C:\\Users\\rubenb\\OneDrive - Info Support B.V\\Desktop\\Cursusmateriaal\\Angular\\date-picker\\src\\app\\contact-name\\contact-name.pipe.spec.ts",
  "C:\\Users\\rubenb\\OneDrive - Info Support B.V\\Desktop\\Cursusmateriaal\\Angular\\date-picker\\src\\app\\contact-name\\contact-name.pipe.ts",
  "C:\\Users\\rubenb\\OneDrive - Info Support B.V\\Desktop\\Cursusmateriaal\\Angular\\date-picker\\src\\app\\dp-contact-form\\dp-contact-form.component.html",
  "C:\\Users\\rubenb\\OneDrive - Info Support B.V\\Desktop\\Cursusmateriaal\\Angular\\date-picker\\src\\app\\dp-contact-form\\dp-contact-form.component.scss",
  "C:\\Users\\rubenb\\OneDrive - Info Support B.V\\Desktop\\Cursusmateriaal\\Angular\\date-picker\\src\\app\\dp-contact-form\\dp-contact-form.component.ts",
  "C:\\Users\\rubenb\\OneDrive - Info Support B.V\\Desktop\\Cursusmateriaal\\Angular\\date-picker\\src\\app\\models\\contact.ts",
  "C:\\Users\\rubenb\\OneDrive - Info Support B.V\\Desktop\\Cursusmateriaal\\Angular\\date-picker\\src\\app\\services\\contact-service.ts",
  "C:\\Users\\rubenb\\OneDrive - Info Support B.V\\Desktop\\Cursusmateriaal\\Angular\\date-picker\\src\\environments\\environment.development.ts",
  "C:\\Users\\rubenb\\OneDrive - Info Support B.V\\Desktop\\Cursusmateriaal\\Angular\\date-picker\\src\\index.html",
  "C:\\Users\\rubenb\\OneDrive - Info Support B.V\\Desktop\\Cursusmateriaal\\Angular\\date-picker\\src\\main.ts",
  "C:\\Users\\rubenb\\OneDrive - Info Support B.V\\Desktop\\Cursusmateriaal\\Angular\\date-picker\\src\\styles.scss",
  "C:\\Users\\rubenb\\OneDrive - Info Support B.V\\Desktop\\Cursusmateriaal\\Angular\\date-picker\\stryker.config.json",
  "C:\\Users\\rubenb\\OneDrive - Info Support B.V\\Desktop\\Cursusmateriaal\\Angular\\date-picker\\tsconfig.app.json",
  "C:\\Users\\rubenb\\OneDrive - Info Support B.V\\Desktop\\Cursusmateriaal\\Angular\\date-picker\\tsconfig.json",
  "C:\\Users\\rubenb\\OneDrive - Info Support B.V\\Desktop\\Cursusmateriaal\\Angular\\date-picker\\tsconfig.spec.json"
]
11:47:52 (2912) DEBUG ProjectReader Files to mutate: [
  "C:\\Users\\rubenb\\OneDrive - Info Support B.V\\Desktop\\Cursusmateriaal\\Angular\\date-picker\\src\\app\\app.component.ts",
  "C:\\Users\\rubenb\\OneDrive - Info Support B.V\\Desktop\\Cursusmateriaal\\Angular\\date-picker\\src\\app\\app.config.ts",
  "C:\\Users\\rubenb\\OneDrive - Info Support B.V\\Desktop\\Cursusmateriaal\\Angular\\date-picker\\src\\app\\app.routes.ts",
  "C:\\Users\\rubenb\\OneDrive - Info Support B.V\\Desktop\\Cursusmateriaal\\Angular\\date-picker\\src\\app\\contact-list\\contact-list.component.ts",
  "C:\\Users\\rubenb\\OneDrive - Info Support B.V\\Desktop\\Cursusmateriaal\\Angular\\date-picker\\src\\app\\contact-name\\contact-name.pipe.ts",
  "C:\\Users\\rubenb\\OneDrive - Info Support B.V\\Desktop\\Cursusmateriaal\\Angular\\date-picker\\src\\app\\dp-contact-form\\dp-contact-form.component.ts",
  "C:\\Users\\rubenb\\OneDrive - Info Support B.V\\Desktop\\Cursusmateriaal\\Angular\\date-picker\\src\\app\\models\\contact.ts",
  "C:\\Users\\rubenb\\OneDrive - Info Support B.V\\Desktop\\Cursusmateriaal\\Angular\\date-picker\\src\\app\\services\\contact-service.ts",
  "C:\\Users\\rubenb\\OneDrive - Info Support B.V\\Desktop\\Cursusmateriaal\\Angular\\date-picker\\src\\main.ts"
]
11:47:52 (2912) DEBUG TemporaryDirectory Using temp directory "C:\Users\rubenb\OneDrive - Info Support B.V\Desktop\Cursusmateriaal\Angular\date-picker\.stryker-tmp"
11:47:52 (2912) DEBUG Instrumenter Instrumenting 9 source files with mutants
11:47:52 (2912) DEBUG Instrumenter Instrumented src\app\app.component.ts (8 mutant(s))
11:47:52 (2912) DEBUG Instrumenter Instrumented src\app\app.config.ts (4 mutant(s))
11:47:52 (2912) DEBUG Instrumenter Instrumented src\app\app.routes.ts (1 mutant(s))
11:47:52 (2912) DEBUG Instrumenter Instrumented src\app\contact-list\contact-list.component.ts (9 mutant(s))
11:47:52 (2912) DEBUG Stryker Not removing the temp dir because an error occurred
11:47:52 (2912) ERROR Stryker Unexpected error occurred while running Stryker SyntaxError: C:\Users\rubenb\OneDrive - Info Support B.V\Desktop\Cursusmateriaal\Angular\date-picker\src\app\contact-name\contact-name.pipe.ts: Unexpected token, expected "{" (4:7)

[0m [90m 2 |[39m [36mimport[39m { [33mContact[39m } [36mfrom[39m [32m"../models/contact"[39m[33m;[39m
 [90m 3 |[39m
[31m[1m>[22m[39m[90m 4 |[39m [36mexport[39m [33m@[39m[33mPipe[39m({ name[33m:[39m [32m'contactName'[39m[33m,[39m standalone[33m:[39m [36mtrue[39m })
 [90m   |[39m        [31m[1m^[22m[39m
 [90m 5 |[39m [36mclass[39m [33mContactNamePipe[39m [36mimplements[39m [33mPipeTransform[39m {
 [90m 6 |[39m     transform(value[33m:[39m [33mContact[39m) [33m:[39m string {
 [90m 7 |[39m         [36mreturn[39m [32m`${value.firstName} ${value.surname}`[39m[33m;[39m[0m
    at constructor (C:\Users\rubenb\OneDrive - Info Support B.V\Desktop\Cursusmateriaal\Angular\date-picker\node_modules\@stryker-mutator\instrumenter\node_modules\@babel\parser\lib\index.js:353:19)
    at TypeScriptParserMixin.raise (C:\Users\rubenb\OneDrive - Info Support B.V\Desktop\Cursusmateriaal\Angular\date-picker\node_modules\@stryker-mutator\instrumenter\node_modules\@babel\parser\lib\index.js:3277:19)
    at TypeScriptParserMixin.unexpected (C:\Users\rubenb\OneDrive - Info Support B.V\Desktop\Cursusmateriaal\Angular\date-picker\node_modules\@stryker-mutator\instrumenter\node_modules\@babel\parser\lib\index.js:3297:16)
    at TypeScriptParserMixin.parseExport (C:\Users\rubenb\OneDrive - Info Support B.V\Desktop\Cursusmateriaal\Angular\date-picker\node_modules\@stryker-mutator\instrumenter\node_modules\@babel\parser\lib\index.js:13297:10)
    at TypeScriptParserMixin.parseExport (C:\Users\rubenb\OneDrive - Info Support B.V\Desktop\Cursusmateriaal\Angular\date-picker\node_modules\@stryker-mutator\instrumenter\node_modules\@babel\parser\lib\index.js:9079:20)
    at TypeScriptParserMixin.parseStatementContent (C:\Users\rubenb\OneDrive - Info Support B.V\Desktop\Cursusmateriaal\Angular\date-picker\node_modules\@stryker-mutator\instrumenter\node_modules\@babel\parser\lib\index.js:12342:27)
    at TypeScriptParserMixin.parseStatementContent (C:\Users\rubenb\OneDrive - Info Support B.V\Desktop\Cursusmateriaal\Angular\date-picker\node_modules\@stryker-mutator\instrumenter\node_modules\@babel\parser\lib\index.js:9132:18)
    at TypeScriptParserMixin.parseStatementLike (C:\Users\rubenb\OneDrive - Info Support B.V\Desktop\Cursusmateriaal\Angular\date-picker\node_modules\@stryker-mutator\instrumenter\node_modules\@babel\parser\lib\index.js:12229:17)
    at TypeScriptParserMixin.parseModuleItem (C:\Users\rubenb\OneDrive - Info Support B.V\Desktop\Cursusmateriaal\Angular\date-picker\node_modules\@stryker-mutator\instrumenter\node_modules\@babel\parser\lib\index.js:12206:17)
    at TypeScriptParserMixin.parseBlockOrModuleBlockBody (C:\Users\rubenb\OneDrive - Info Support B.V\Desktop\Cursusmateriaal\Angular\date-picker\node_modules\@stryker-mutator\instrumenter\node_modules\@babel\parser\lib\index.js:12786:36)
    at TypeScriptParserMixin.parseBlockBody (C:\Users\rubenb\OneDrive - Info Support B.V\Desktop\Cursusmateriaal\Angular\date-picker\node_modules\@stryker-mutator\instrumenter\node_modules\@babel\parser\lib\index.js:12779:10)
    at TypeScriptParserMixin.parseProgram (C:\Users\rubenb\OneDrive - Info Support B.V\Desktop\Cursusmateriaal\Angular\date-picker\node_modules\@stryker-mutator\instrumenter\node_modules\@babel\parser\lib\index.js:12106:10)
    at TypeScriptParserMixin.parseTopLevel (C:\Users\rubenb\OneDrive - Info Support B.V\Desktop\Cursusmateriaal\Angular\date-picker\node_modules\@stryker-mutator\instrumenter\node_modules\@babel\parser\lib\index.js:12096:25)
    at TypeScriptParserMixin.parse (C:\Users\rubenb\OneDrive - Info Support B.V\Desktop\Cursusmateriaal\Angular\date-picker\node_modules\@stryker-mutator\instrumenter\node_modules\@babel\parser\lib\index.js:13895:10)
    at TypeScriptParserMixin.parse (C:\Users\rubenb\OneDrive - Info Support B.V\Desktop\Cursusmateriaal\Angular\date-picker\node_modules\@stryker-mutator\instrumenter\node_modules\@babel\parser\lib\index.js:9733:18)
    at parse (C:\Users\rubenb\OneDrive - Info Support B.V\Desktop\Cursusmateriaal\Angular\date-picker\node_modules\@stryker-mutator\instrumenter\node_modules\@babel\parser\lib\index.js:13937:38)
    at parser (C:\Users\rubenb\OneDrive - Info Support B.V\Desktop\Cursusmateriaal\Angular\date-picker\node_modules\@stryker-mutator\instrumenter\node_modules\@babel\core\lib\parser\index.js:41:34)
    at parser.next (<anonymous>)
    at parse (C:\Users\rubenb\OneDrive - Info Support B.V\Desktop\Cursusmateriaal\Angular\date-picker\node_modules\@stryker-mutator\instrumenter\node_modules\@babel\core\lib\parse.js:25:37)
    at parse.next (<anonymous>)
    at step (C:\Users\rubenb\OneDrive - Info Support B.V\Desktop\Cursusmateriaal\Angular\date-picker\node_modules\gensync\index.js:261:32)
    at C:\Users\rubenb\OneDrive - Info Support B.V\Desktop\Cursusmateriaal\Angular\date-picker\node_modules\gensync\index.js:273:13
    at async.call.result.err.err (C:\Users\rubenb\OneDrive - Info Support B.V\Desktop\Cursusmateriaal\Angular\date-picker\node_modules\gensync\index.js:223:11)
    at C:\Users\rubenb\OneDrive - Info Support B.V\Desktop\Cursusmateriaal\Angular\date-picker\node_modules\gensync\index.js:189:28
    at C:\Users\rubenb\OneDrive - Info Support B.V\Desktop\Cursusmateriaal\Angular\date-picker\node_modules\@stryker-mutator\instrumenter\node_modules\@babel\core\lib\gensync-utils\async.js:67:7
    at C:\Users\rubenb\OneDrive - Info Support B.V\Desktop\Cursusmateriaal\Angular\date-picker\node_modules\gensync\index.js:113:33
    at step (C:\Users\rubenb\OneDrive - Info Support B.V\Desktop\Cursusmateriaal\Angular\date-picker\node_modules\gensync\index.js:287:14)
    at C:\Users\rubenb\OneDrive - Info Support B.V\Desktop\Cursusmateriaal\Angular\date-picker\node_modules\gensync\index.js:273:13
    at async.call.result.err.err (C:\Users\rubenb\OneDrive - Info Support B.V\Desktop\Cursusmateriaal\Angular\date-picker\node_modules\gensync\index.js:223:11) {
  code: 'BABEL_PARSE_ERROR',
  reasonCode: 'UnexpectedToken',
  loc: Position { line: 4, column: 7, index: 109 },
  pos: 109
}
11:47:52 (2912) INFO Stryker This might be a known problem with a solution documented in our troubleshooting guide.
11:47:52 (2912) INFO Stryker You can find it at https://stryker-mutator.io/docs/stryker-js/troubleshooting/
